
D:\Eclipse\workspace\serenity>release

D:\Eclipse\workspace\serenity>set MAVEN_OPTS=-Xms256m -Xmx1024m -XX:MaxPermSize=128m

D:\Eclipse\workspace\serenity># mvn -DskipTests=true package -DdryRun=true
'#' is not recognized as an internal or external command,
operable program or batch file.

D:\Eclipse\workspace\serenity># -B -Dresume=false -Dusername=michaelcouck -Dpassword=suineg
'#' is not recognized as an internal or external command,
operable program or batch file.

D:\Eclipse\workspace\serenity>mvn release:prepare release:perform
[INFO] Scanning for projects...
[INFO] ------------------------------------------------------------------------
[INFO] Building Hudson Serenity plugin
[INFO]    task-segment: [release:prepare, release:perform] (aggregator-style)
[INFO] ------------------------------------------------------------------------
[INFO] [release:prepare {execution: default-cli}]
[INFO] Verifying that there are no local modifications...
[INFO] Executing: cmd.exe /X /C "svn --non-interactive status"
[INFO] Working directory: D:\Eclipse\workspace\serenity
[INFO] Checking dependencies and plugins for snapshots ...
What is the release version for "Hudson Serenity plugin"? (org.jvnet.hudson.plugins:serenity) 0.2: : 0.2
What is SCM release tag or label for "Hudson Serenity plugin"? (org.jvnet.hudson.plugins:serenity) serenity-0.2: : serenity-0.2
What is the new development version for "Hudson Serenity plugin"? (org.jvnet.hudson.plugins:serenity) 0.3-SNAPSHOT: : 0.3-SNAPSHOT
[INFO] Transforming 'Hudson Serenity plugin'...
[INFO] Not generating release POMs
[INFO] Executing goals 'clean verify'...
[WARNING] Maven will be executed in interactive mode, but no input stream has been configured for this MavenInvoker instance.
[INFO] [INFO] Scanning for projects...
[INFO] [INFO] ------------------------------------------------------------------------
[INFO] [INFO] Building Hudson Serenity plugin
[INFO] [INFO]    task-segment: [clean, verify]
[INFO] [INFO] ------------------------------------------------------------------------
[INFO] [INFO] [clean:clean {execution: default-clean}]
[INFO] [INFO] Deleting directory D:\Eclipse\workspace\serenity\target
[INFO] [INFO] [enforcer:display-info {execution: default}]
[INFO] [INFO] Maven Version: 2.2.0
[INFO] [INFO] JDK Version: 1.6.0_16 normalized as: 1.6.0-16
[INFO] [INFO] OS Info: Arch: x86 Family: windows Name: windows vista Version: 6.0
[INFO] [INFO] [localizer:generate {execution: default}]
[INFO] [INFO] [resources:resources {execution: default-resources}]
[INFO] [INFO] Using 'UTF-8' encoding to copy filtered resources.
[INFO] [INFO] Copying 17 resources
[INFO] [INFO] [hpi:apt-compile {execution: default-apt-compile}]
[INFO] [INFO] Compiling 63 source files to D:\Eclipse\workspace\serenity\target\classes
[INFO] Note: Generating com\ikokoon\serenity\hudson\SerenityPublisher.stapler
[INFO] Note: com.ikokoon.serenity.hudson.SerenityPublisher.DESCRIPTOR indexed under hudson.Extension
[INFO] [INFO] [hpi:insert-test {execution: default-insert-test}]
[INFO] [INFO] [groovy:generateTestStubs {execution: test-in-groovy}]
[INFO] [INFO]  No sources found for Java stub generation
[INFO] [INFO] [resources:testResources {execution: default-testResources}]
[INFO] [INFO] Using 'UTF-8' encoding to copy filtered resources.
[INFO] [INFO] Copying 0 resource
[INFO] [INFO] [compiler:testCompile {execution: default-testCompile}]
[INFO] [INFO] Compiling 35 source files to D:\Eclipse\workspace\serenity\target\test-classes
[INFO] [INFO] [hpi:test-hpl {execution: default-test-hpl}]
[INFO] [INFO] Generating D:\Eclipse\workspace\serenity\target\test-classes\the.hpl
[INFO] [INFO] [groovy:testCompile {execution: test-in-groovy}]
[INFO] [INFO]  No sources found to compile
[INFO] [INFO] [surefire:test {execution: default-test}]
[INFO] [INFO] Surefire report directory: D:\Eclipse\workspace\serenity\target\surefire-reports
[INFO]
[INFO] -------------------------------------------------------
[INFO]  T E S T S
[INFO] -------------------------------------------------------
[INFO] Running com.ikokoon.toolkit.MatrixTest
[INFO] Tests run: 1, Failures: 0, Errors: 0, Skipped: 0, Time elapsed: 0.246 sec
[INFO] Running com.ikokoon.serenity.TransformerTest
[INFO] Tests run: 3, Failures: 0, Errors: 0, Skipped: 0, Time elapsed: 0.161 sec
[INFO] Running com.ikokoon.serenity.process.AggregatorTest
[INFO] Tests run: 5, Failures: 0, Errors: 0, Skipped: 0, Time elapsed: 0.035 sec
[INFO] Running com.ikokoon.serenity.process.AccumulatorTest
[INFO] 17:59:03,523 WARN  com.ikokoon.serenity.process.Accumulator:63 - Can't read file : D:\Eclipse\workspace\serenity\target\serenity.jar
[INFO] Tests run: 1, Failures: 0, Errors: 0, Skipped: 0, Time elapsed: 4.449 sec
[INFO] Running com.ikokoon.serenity.instrumentation.coverage.CoverageClassAdapterExtTest
[INFO] 17:59:06,654 WARN  com.ikokoon.serenity.instrumentation.coverage.CoverageClassAdapterExtTest:54 - Directory path : com/ikokoon/target, file nam
e : Simple.class
[INFO] 17:59:06,655 WARN  com.ikokoon.serenity.instrumentation.coverage.CoverageClassAdapterExtTest:59 - Absolute directory : D:\Eclipse\workspace\ser
enity\.\serenity\com\ikokoon\target
[INFO] 17:59:06,663 WARN  com.ikokoon.serenity.instrumentation.coverage.CoverageClassAdapterExtTest:54 - Directory path : com/ikokoon/target, file nam
e : Simple.class
[INFO] 17:59:06,664 WARN  com.ikokoon.serenity.instrumentation.coverage.CoverageClassAdapterExtTest:59 - Absolute directory : D:\Eclipse\workspace\ser
enity\.\serenity\com\ikokoon\target
[INFO] Tests run: 1, Failures: 0, Errors: 0, Skipped: 0, Time elapsed: 0.042 sec
[INFO] Running com.ikokoon.serenity.instrumentation.coverage.CoverageTest
[INFO] Tests run: 1, Failures: 0, Errors: 0, Skipped: 0, Time elapsed: 0.052 sec
[INFO] Running InjectedTest
[INFO] Tests run: 0, Failures: 0, Errors: 0, Skipped: 0, Time elapsed: 0.006 sec
[INFO] Running com.ikokoon.serenity.instrumentation.VisitorFactoryTest
[INFO] Tests run: 1, Failures: 0, Errors: 0, Skipped: 0, Time elapsed: 0.027 sec
[INFO] Running com.ikokoon.serenity.process.PrunerTest
[INFO] 17:59:07,032 WARN  com.ikokoon.serenity.process.Accumulator:63 - Can't read file : D:\Eclipse\workspace\serenity\target\serenity.jar
[INFO] Tests run: 1, Failures: 0, Errors: 0, Skipped: 0, Time elapsed: 1.375 sec
[INFO] Running com.ikokoon.serenity.instrumentation.complexity.ComplexityTest
[INFO] Tests run: 1, Failures: 0, Errors: 0, Skipped: 0, Time elapsed: 0.009 sec
[INFO] Running com.ikokoon.toolkit.ObjectFactoryTest
[INFO] 17:59:08,178 WARN  com.ikokoon.serenity.persistence.DataBaseOdb:153 - Attempted to persist a duplicate composite : 4066396674983717548:com.ikok
oon.target
[INFO] 17:59:08,196 WARN  com.ikokoon.serenity.persistence.DataBaseOdb:153 - Attempted to persist a duplicate composite : com.ikokoon.serenity.model.P
roject@1399ae5
[INFO] 17:59:08,203 WARN  com.ikokoon.serenity.persistence.DataBaseOdb:194 - Attempted to close the database again
[INFO] Tests run: 1, Failures: 0, Errors: 0, Skipped: 0, Time elapsed: 0.044 sec
[INFO] Running com.ikokoon.serenity.persistence.DataBaseRamTest
[INFO] Tests run: 8, Failures: 0, Errors: 0, Skipped: 0, Time elapsed: 3.36 sec
[INFO] Running com.ikokoon.serenity.hudson.source.CoverageSourceCodeTest
[INFO] Tests run: 1, Failures: 0, Errors: 0, Skipped: 0, Time elapsed: 0.01 sec
[INFO] Running com.ikokoon.toolkit.ToolkitTest
[INFO] 17:59:11,601 WARN  com.ikokoon.toolkit.Toolkit:219 - File : .\target\folder\file.txt
[INFO] 17:59:11,602 WARN  com.ikokoon.toolkit.Toolkit:221 - Deleted file : .\target\folder\file.txt
[INFO] 17:59:11,603 WARN  com.ikokoon.toolkit.Toolkit:219 - File : .\target\folder
[INFO] 17:59:11,604 WARN  com.ikokoon.toolkit.Toolkit:221 - Deleted file : .\target\folder
[INFO] Tests run: 9, Failures: 0, Errors: 0, Skipped: 0, Time elapsed: 0.03 sec
[INFO] Running com.ikokoon.serenity.persistence.DataBaseJpaTest
[INFO] Tests run: 1, Failures: 0, Errors: 0, Skipped: 0, Time elapsed: 6.792 sec
[INFO] Running com.ikokoon.serenity.persistence.DataBaseOdbTest
[INFO] 17:59:18,429 WARN  com.ikokoon.serenity.persistence.DataBaseToolkit:73 - DataBaseOdbTest database dump :
[INFO] 17:59:18,463 WARN  com.ikokoon.serenity.persistence.DataBaseOdb:112 - Field : name, com.ikokoon.target
[INFO] 17:59:18,465 WARN  com.ikokoon.serenity.persistence.DataBaseOdb:116 - Objects : [5009479381399852905:com.ikokoon.target.Target]
[INFO] 17:59:18,466 WARN  com.ikokoon.serenity.persistence.DataBaseOdb:121 - Set : [5009479381399852905:com.ikokoon.target.Target]
[INFO] 17:59:18,466 WARN  com.ikokoon.serenity.persistence.DataBaseOdb:128 - List : [5009479381399852905:com.ikokoon.target.Target]
[INFO] Tests run: 5, Failures: 0, Errors: 0, Skipped: 0, Time elapsed: 0.064 sec
[INFO] Running com.ikokoon.toolkit.TypeTest
[INFO] Tests run: 1, Failures: 0, Errors: 0, Skipped: 0, Time elapsed: 0.005 sec
[INFO] Running com.ikokoon.toolkit.PermutationsTest
[INFO] Tests run: 1, Failures: 0, Errors: 0, Skipped: 0, Time elapsed: 0.006 sec
[INFO] Running com.ikokoon.serenity.hudson.modeller.ModellerTest
[INFO] Tests run: 3, Failures: 0, Errors: 0, Skipped: 0, Time elapsed: 0.022 sec
[INFO]
[INFO] Results :
[INFO]
[INFO] Tests run: 45, Failures: 0, Errors: 0, Skipped: 0
[INFO]
[INFO] 17:59:19,770 WARN  com.ikokoon.serenity.process.Accumulator:63 - Can't read file : D:\Eclipse\workspace\serenity\target\serenity.jar
[INFO] [INFO] [hpi:hpi {execution: default-hpi}]
[INFO] [INFO] Exploding webapp...
[INFO] [INFO] Copy webapp webResources to D:\Eclipse\workspace\serenity\target\serenity
[INFO] [INFO] Assembling webapp serenity in D:\Eclipse\workspace\serenity\target\serenity
[INFO] [INFO] Generating hpi D:\Eclipse\workspace\serenity\target\serenity.hpi
[INFO] [INFO] Generating D:\Eclipse\workspace\serenity\target\serenity\META-INF\MANIFEST.MF
[INFO] [INFO] Building jar: D:\Eclipse\workspace\serenity\target\serenity.hpi
[INFO] [INFO] Building jar: D:\Eclipse\workspace\serenity\target\serenity.jar
[INFO] [INFO] [antrun:run {execution: copy.hpi.task}]
[INFO] [INFO] Executing tasks
[INFO]      [echo] Unpacking and repacking serenity.jar with the agent manifest and the source
[INFO] [repack.serenity.with.manifest] Expanding: D:\Eclipse\workspace\serenity\target\serenity.jar into D:\Eclipse\workspace\serenity\target\temp
[INFO]       [jar] Building jar: D:\Eclipse\workspace\serenity\target\serenity.jar
[INFO] [INFO] Executed tasks
[INFO] [INFO] ------------------------------------------------------------------------
[INFO] [INFO] BUILD SUCCESSFUL
[INFO] [INFO] ------------------------------------------------------------------------
[INFO] [INFO] Total time: 50 seconds
[INFO] [INFO] Finished at: Sun Jan 31 17:59:25 CET 2010
[INFO] [INFO] Final Memory: 60M/254M
[INFO] [INFO] ------------------------------------------------------------------------
[INFO] Checking in modified POMs...
[INFO] Executing: cmd.exe /X /C "svn --non-interactive commit --file C:\Users\Michael\AppData\Local\Temp\maven-scm-1672420791.commit --targets C:\User
s\Michael\AppData\Local\Temp\maven-scm-2512741198351930262-targets"
[INFO] Working directory: D:\Eclipse\workspace\serenity
[INFO] Tagging release with the label serenity-0.2...
[INFO] Executing: cmd.exe /X /C "svn --non-interactive copy --file C:\Users\Michael\AppData\Local\Temp\maven-scm-1074233654.commit --revision 26806 ht
tps://svn.dev.java.net/svn/hudson/trunk/hudson/plugins/serenity https://svn.dev.java.net/svn/hudson/tags/serenity-0.2"
[INFO] Working directory: D:\Eclipse\workspace\serenity
[INFO] Transforming 'Hudson Serenity plugin'...
[INFO] Not removing release POMs
[INFO] Checking in modified POMs...
[INFO] Executing: cmd.exe /X /C "svn --non-interactive commit --file C:\Users\Michael\AppData\Local\Temp\maven-scm-369351100.commit --targets C:\Users
\Michael\AppData\Local\Temp\maven-scm-2226404572943087675-targets"
[INFO] Working directory: D:\Eclipse\workspace\serenity
[INFO] Release preparation complete.
[INFO] [release:perform {execution: default-cli}]
[INFO] Checking out the project to perform the release ...
[INFO] Executing: cmd.exe /X /C "svn --non-interactive checkout https://svn.dev.java.net/svn/hudson/tags/serenity-0.2 D:\Eclipse\workspace\serenity\ta
rget\checkout"
[INFO] Working directory: D:\Eclipse\workspace\serenity\target
[INFO] Executing goals 'deploy hpi:upload hpi:announce'...
[WARNING] Maven will be executed in interactive mode, but no input stream has been configured for this MavenInvoker instance.
[INFO] [INFO] Scanning for projects...
[INFO] [INFO] ------------------------------------------------------------------------
[INFO] [INFO] Building Hudson Serenity plugin
[INFO] [INFO]    task-segment: [deploy, hpi:upload, hpi:announce]
[INFO] [INFO] ------------------------------------------------------------------------
[INFO] [INFO] [enforcer:display-info {execution: default}]
[INFO] [INFO] Maven Version: 2.2.0
[INFO] [INFO] JDK Version: 1.6.0_16 normalized as: 1.6.0-16
[INFO] [INFO] OS Info: Arch: x86 Family: windows Name: windows vista Version: 6.0
[INFO] [INFO] [localizer:generate {execution: default}]
[INFO] [INFO] [resources:resources {execution: default-resources}]
[INFO] [INFO] Using 'UTF-8' encoding to copy filtered resources.
[INFO] [INFO] Copying 16 resources
[INFO] [INFO] [hpi:apt-compile {execution: default-apt-compile}]
[INFO] [INFO] Compiling 63 source files to D:\Eclipse\workspace\serenity\target\checkout\target\classes
[INFO] Note: Generating com\ikokoon\serenity\hudson\SerenityPublisher.stapler
[INFO] Note: com.ikokoon.serenity.hudson.SerenityPublisher.DESCRIPTOR indexed under hudson.Extension
[INFO] [INFO] [hpi:insert-test {execution: default-insert-test}]
[INFO] [INFO] [groovy:generateTestStubs {execution: test-in-groovy}]
[INFO] [INFO]  No sources found for Java stub generation
[INFO] [INFO] [resources:testResources {execution: default-testResources}]
[INFO] [INFO] Using 'UTF-8' encoding to copy filtered resources.
[INFO] [INFO] Copying 0 resource
[INFO] [INFO] [compiler:testCompile {execution: default-testCompile}]
[INFO] [INFO] Compiling 35 source files to D:\Eclipse\workspace\serenity\target\checkout\target\test-classes
[INFO] [INFO] [hpi:test-hpl {execution: default-test-hpl}]
[INFO] [INFO] Generating D:\Eclipse\workspace\serenity\target\checkout\target\test-classes\the.hpl
[INFO] [INFO] [groovy:testCompile {execution: test-in-groovy}]
[INFO] [INFO]  No sources found to compile
[INFO] [INFO] [surefire:test {execution: default-test}]
[INFO] [INFO] Surefire report directory: D:\Eclipse\workspace\serenity\target\checkout\target\surefire-reports
[INFO]
[INFO] -------------------------------------------------------
[INFO]  T E S T S
[INFO] -------------------------------------------------------
[INFO] Running com.ikokoon.toolkit.MatrixTest
[INFO] Tests run: 1, Failures: 0, Errors: 0, Skipped: 0, Time elapsed: 0.206 sec
[INFO] Running com.ikokoon.serenity.TransformerTest
[INFO] Tests run: 3, Failures: 0, Errors: 0, Skipped: 0, Time elapsed: 0.161 sec
[INFO] Running com.ikokoon.serenity.process.AggregatorTest
[INFO] Tests run: 5, Failures: 0, Errors: 0, Skipped: 0, Time elapsed: 0.036 sec
[INFO] Running com.ikokoon.serenity.process.AccumulatorTest
[INFO] 18:05:50,166 WARN  com.ikokoon.serenity.process.Accumulator:63 - Can't read file : D:\Eclipse\workspace\serenity\target\checkout\target\serenit
y.jar
[INFO] Tests run: 1, Failures: 0, Errors: 0, Skipped: 0, Time elapsed: 3.454 sec
[INFO] Running com.ikokoon.serenity.instrumentation.coverage.CoverageClassAdapterExtTest
[INFO] 18:05:52,303 WARN  com.ikokoon.serenity.instrumentation.coverage.CoverageClassAdapterExtTest:54 - Directory path : com/ikokoon/target, file nam
e : Simple.class
[INFO] 18:05:52,306 WARN  com.ikokoon.serenity.instrumentation.coverage.CoverageClassAdapterExtTest:59 - Absolute directory : D:\Eclipse\workspace\ser
enity\target\checkout\.\serenity\com\ikokoon\target
[INFO] 18:05:52,311 WARN  com.ikokoon.serenity.instrumentation.coverage.CoverageClassAdapterExtTest:54 - Directory path : com/ikokoon/target, file nam
e : Simple.class
[INFO] 18:05:52,313 WARN  com.ikokoon.serenity.instrumentation.coverage.CoverageClassAdapterExtTest:59 - Absolute directory : D:\Eclipse\workspace\ser
enity\target\checkout\.\serenity\com\ikokoon\target
[INFO] Tests run: 1, Failures: 0, Errors: 0, Skipped: 0, Time elapsed: 0.042 sec
[INFO] Running com.ikokoon.serenity.instrumentation.coverage.CoverageTest
[INFO] Tests run: 1, Failures: 0, Errors: 0, Skipped: 0, Time elapsed: 0.053 sec
[INFO] Running InjectedTest
[INFO] Tests run: 0, Failures: 0, Errors: 0, Skipped: 0, Time elapsed: 0.006 sec
[INFO] Running com.ikokoon.serenity.instrumentation.VisitorFactoryTest
[INFO] Tests run: 1, Failures: 0, Errors: 0, Skipped: 0, Time elapsed: 0.026 sec
[INFO] Running com.ikokoon.serenity.process.PrunerTest
[INFO] 18:05:52,703 WARN  com.ikokoon.serenity.process.Accumulator:63 - Can't read file : D:\Eclipse\workspace\serenity\target\checkout\target\serenit
y.jar
[INFO] Tests run: 1, Failures: 0, Errors: 0, Skipped: 0, Time elapsed: 0.519 sec
[INFO] Running com.ikokoon.serenity.instrumentation.complexity.ComplexityTest
[INFO] Tests run: 1, Failures: 0, Errors: 0, Skipped: 0, Time elapsed: 0.008 sec
[INFO] Running com.ikokoon.toolkit.ObjectFactoryTest
[INFO] 18:05:53,015 WARN  com.ikokoon.serenity.persistence.DataBaseOdb:194 - Attempted to close the database again
[INFO] Tests run: 1, Failures: 0, Errors: 0, Skipped: 0, Time elapsed: 0.067 sec
[INFO] Running com.ikokoon.serenity.persistence.DataBaseRamTest
[INFO] Tests run: 8, Failures: 0, Errors: 0, Skipped: 0, Time elapsed: 3.294 sec
[INFO] Running com.ikokoon.serenity.hudson.source.CoverageSourceCodeTest
[INFO] Tests run: 1, Failures: 0, Errors: 0, Skipped: 0, Time elapsed: 0.014 sec
[INFO] Running com.ikokoon.toolkit.ToolkitTest
[INFO] 18:05:56,354 WARN  com.ikokoon.toolkit.Toolkit:219 - File : .\target\folder\file.txt
[INFO] 18:05:56,354 WARN  com.ikokoon.toolkit.Toolkit:221 - Deleted file : .\target\folder\file.txt
[INFO] 18:05:56,355 WARN  com.ikokoon.toolkit.Toolkit:219 - File : .\target\folder
[INFO] 18:05:56,356 WARN  com.ikokoon.toolkit.Toolkit:221 - Deleted file : .\target\folder
[INFO] Tests run: 9, Failures: 0, Errors: 0, Skipped: 0, Time elapsed: 0.033 sec
[INFO] Running com.ikokoon.serenity.persistence.DataBaseJpaTest
[INFO] Tests run: 1, Failures: 0, Errors: 0, Skipped: 0, Time elapsed: 6.775 sec
[INFO] Running com.ikokoon.serenity.persistence.DataBaseOdbTest
[INFO] 18:06:03,162 WARN  com.ikokoon.serenity.persistence.DataBaseToolkit:73 - DataBaseOdbTest database dump :
[INFO] 18:06:03,205 WARN  com.ikokoon.serenity.persistence.DataBaseOdb:112 - Field : name, com.ikokoon.target
[INFO] 18:06:03,207 WARN  com.ikokoon.serenity.persistence.DataBaseOdb:116 - Objects : [5009479381399852905:com.ikokoon.target.Target]
[INFO] 18:06:03,208 WARN  com.ikokoon.serenity.persistence.DataBaseOdb:121 - Set : [5009479381399852905:com.ikokoon.target.Target]
[INFO] 18:06:03,208 WARN  com.ikokoon.serenity.persistence.DataBaseOdb:128 - List : [5009479381399852905:com.ikokoon.target.Target]
[INFO] Tests run: 5, Failures: 0, Errors: 0, Skipped: 0, Time elapsed: 0.069 sec
[INFO] Running com.ikokoon.toolkit.TypeTest
[INFO] Tests run: 1, Failures: 0, Errors: 0, Skipped: 0, Time elapsed: 0.003 sec
[INFO] Running com.ikokoon.toolkit.PermutationsTest
[INFO] Tests run: 1, Failures: 0, Errors: 0, Skipped: 0, Time elapsed: 0.004 sec
[INFO] Running com.ikokoon.serenity.hudson.modeller.ModellerTest
[INFO] Tests run: 3, Failures: 0, Errors: 0, Skipped: 0, Time elapsed: 0.023 sec
[INFO]
[INFO] Results :
[INFO]
[INFO] Tests run: 45, Failures: 0, Errors: 0, Skipped: 0
[INFO]
[INFO] 18:06:04,394 WARN  com.ikokoon.serenity.process.Accumulator:63 - Can't read file : D:\Eclipse\workspace\serenity\target\checkout\target\serenit
y.jar
[INFO] [INFO] [hpi:hpi {execution: default-hpi}]
[INFO] [INFO] Exploding webapp...
[INFO] [INFO] Copy webapp webResources to D:\Eclipse\workspace\serenity\target\checkout\target\serenity
[INFO] [INFO] Assembling webapp serenity in D:\Eclipse\workspace\serenity\target\checkout\target\serenity
[INFO] [INFO] Generating hpi D:\Eclipse\workspace\serenity\target\checkout\target\serenity.hpi
[INFO] [INFO] Generating D:\Eclipse\workspace\serenity\target\checkout\target\serenity\META-INF\MANIFEST.MF
[INFO] [INFO] Building jar: D:\Eclipse\workspace\serenity\target\checkout\target\serenity.hpi
[INFO] [INFO] Building jar: D:\Eclipse\workspace\serenity\target\checkout\target\serenity.jar
[INFO] [INFO] Preparing source:jar
[INFO] [WARNING] Removing: jar from forked lifecycle, to prevent recursive invocation.
[INFO] [INFO] [enforcer:display-info {execution: default}]
[INFO] [INFO] Maven Version: 2.2.0
[INFO] [INFO] JDK Version: 1.6.0_16 normalized as: 1.6.0-16
[INFO] [INFO] OS Info: Arch: x86 Family: windows Name: windows vista Version: 6.0
[INFO] [INFO] [localizer:generate {execution: default}]
[INFO] [INFO] [source:jar {execution: attach-sources}]
[INFO] [INFO] Building jar: D:\Eclipse\workspace\serenity\target\checkout\target\serenity-sources.jar
[INFO] [INFO] Preparing javadoc:jar
[INFO] [WARNING] Removing: jar from forked lifecycle, to prevent recursive invocation.
[INFO] [WARNING] Removing: jar from forked lifecycle, to prevent recursive invocation.
[INFO] [INFO] [enforcer:display-info {execution: default}]
[INFO] [INFO] Maven Version: 2.2.0
[INFO] [INFO] JDK Version: 1.6.0_16 normalized as: 1.6.0-16
[INFO] [INFO] OS Info: Arch: x86 Family: windows Name: windows vista Version: 6.0
[INFO] [INFO] [localizer:generate {execution: default}]
[INFO] [INFO] [javadoc:jar {execution: attach-javadocs}]
[INFO] Loading source files for package com.ikokoon.serenity...
[INFO] Loading source files for package com.ikokoon.serenity.hudson...
[INFO] Loading source files for package com.ikokoon.serenity.hudson.modeller...
[INFO] Loading source files for package com.ikokoon.serenity.hudson.source...
[INFO] Loading source files for package com.ikokoon.serenity.instrumentation.complexity...
[INFO] Loading source files for package com.ikokoon.serenity.instrumentation.coverage...
[INFO] Loading source files for package com.ikokoon.serenity.instrumentation.dependency...
[INFO] Loading source files for package com.ikokoon.serenity.instrumentation.profiling...
[INFO] Loading source files for package com.ikokoon.serenity.instrumentation...
[INFO] Loading source files for package com.ikokoon.serenity.model...
[INFO] Loading source files for package com.ikokoon.serenity.persistence...
[INFO] Loading source files for package com.ikokoon.serenity.process...
[INFO] Loading source files for package com.ikokoon.toolkit...
[INFO] Constructing Javadoc information...
[INFO] Standard Doclet version 1.6.0_16
[INFO] Building tree for all the packages and classes...
[INFO] Generating D:/Eclipse/workspace/serenity/target/checkout/target/apidocs\com/ikokoon/serenity/\Collector.html...
[INFO] Generating D:/Eclipse/workspace/serenity/target/checkout/target/apidocs\com/ikokoon/serenity/\Configuration.html...
[INFO] Generating D:/Eclipse/workspace/serenity/target/checkout/target/apidocs\com/ikokoon/serenity/\IConstants.html...
[INFO] Generating D:/Eclipse/workspace/serenity/target/checkout/target/apidocs\com/ikokoon/serenity/\LoggingConfigurator.html...
[INFO] Generating D:/Eclipse/workspace/serenity/target/checkout/target/apidocs\com/ikokoon/serenity/\Transformer.html...
[INFO] Generating D:/Eclipse/workspace/serenity/target/checkout/target/apidocs\com/ikokoon/serenity/hudson/\ISerenityResult.html...
[INFO] Generating D:/Eclipse/workspace/serenity/target/checkout/target/apidocs\com/ikokoon/serenity/hudson/\SerenityBuildAction.html...
[INFO] Generating D:/Eclipse/workspace/serenity/target/checkout/target/apidocs\com/ikokoon/serenity/hudson/\SerenityPlugin.html...
[INFO] Generating D:/Eclipse/workspace/serenity/target/checkout/target/apidocs\com/ikokoon/serenity/hudson/\SerenityProjectAction.html...
[INFO] Generating D:/Eclipse/workspace/serenity/target/checkout/target/apidocs\com/ikokoon/serenity/hudson/\SerenityPublisher.html...
[INFO] Generating D:/Eclipse/workspace/serenity/target/checkout/target/apidocs\com/ikokoon/serenity/hudson/\SerenityPublisher.DescriptorImpl.html...
[INFO] Generating D:/Eclipse/workspace/serenity/target/checkout/target/apidocs\com/ikokoon/serenity/hudson/\SerenityResult.html...
[INFO] Generating D:/Eclipse/workspace/serenity/target/checkout/target/apidocs\com/ikokoon/serenity/hudson/modeller/\HighchartsModeller.html...
[INFO] Generating D:/Eclipse/workspace/serenity/target/checkout/target/apidocs\com/ikokoon/serenity/hudson/modeller/\HighchartsModeller.IConstructor.h
tml...
[INFO] Generating D:/Eclipse/workspace/serenity/target/checkout/target/apidocs\com/ikokoon/serenity/hudson/modeller/\IModeller.html...
[INFO] Generating D:/Eclipse/workspace/serenity/target/checkout/target/apidocs\com/ikokoon/serenity/hudson/modeller/\JetChartModeller.html...
[INFO] Generating D:/Eclipse/workspace/serenity/target/checkout/target/apidocs\com/ikokoon/serenity/hudson/source/\CoverageSourceCode.html...
[INFO] Generating D:/Eclipse/workspace/serenity/target/checkout/target/apidocs\com/ikokoon/serenity/hudson/source/\ISourceCode.html...
[INFO] Generating D:/Eclipse/workspace/serenity/target/checkout/target/apidocs\com/ikokoon/serenity/hudson/source/\JavaSource2HTMLConverterExt.html...

[INFO] Generating D:/Eclipse/workspace/serenity/target/checkout/target/apidocs\com/ikokoon/serenity/instrumentation/complexity/\ComplexityClassAdapter
.html...
[INFO] Generating D:/Eclipse/workspace/serenity/target/checkout/target/apidocs\com/ikokoon/serenity/instrumentation/complexity/\ComplexityMethodAdapte
r.html...
[INFO] Generating D:/Eclipse/workspace/serenity/target/checkout/target/apidocs\com/ikokoon/serenity/instrumentation/coverage/\CoverageClassAdapter.htm
l...
[INFO] Generating D:/Eclipse/workspace/serenity/target/checkout/target/apidocs\com/ikokoon/serenity/instrumentation/coverage/\CoverageClassAdapterExt.
html...
[INFO] Generating D:/Eclipse/workspace/serenity/target/checkout/target/apidocs\com/ikokoon/serenity/instrumentation/coverage/\CoverageMethodAdapter.ht
ml...
[INFO] Generating D:/Eclipse/workspace/serenity/target/checkout/target/apidocs\com/ikokoon/serenity/instrumentation/coverage/\CoverageMethodAdapterExt
.html...
[INFO] Generating D:/Eclipse/workspace/serenity/target/checkout/target/apidocs\com/ikokoon/serenity/instrumentation/dependency/\DependencyAnnotationAd
apter.html...
[INFO] Generating D:/Eclipse/workspace/serenity/target/checkout/target/apidocs\com/ikokoon/serenity/instrumentation/dependency/\DependencyClassAdapter
.html...
[INFO] Generating D:/Eclipse/workspace/serenity/target/checkout/target/apidocs\com/ikokoon/serenity/instrumentation/dependency/\DependencyFieldAdapter
.html...
[INFO] Generating D:/Eclipse/workspace/serenity/target/checkout/target/apidocs\com/ikokoon/serenity/instrumentation/dependency/\DependencyMethodAdapte
r.html...
[INFO] Generating D:/Eclipse/workspace/serenity/target/checkout/target/apidocs\com/ikokoon/serenity/instrumentation/dependency/\DependencySignatureAda
pter.html...
[INFO] Generating D:/Eclipse/workspace/serenity/target/checkout/target/apidocs\com/ikokoon/serenity/instrumentation/profiling/\ProfilingClassAdapter.h
tml...
[INFO] Generating D:/Eclipse/workspace/serenity/target/checkout/target/apidocs\com/ikokoon/serenity/instrumentation/profiling/\ProfilingMethodAdapter.
html...
[INFO] Generating D:/Eclipse/workspace/serenity/target/checkout/target/apidocs\com/ikokoon/serenity/instrumentation/\VisitorFactory.html...
[INFO] Generating D:/Eclipse/workspace/serenity/target/checkout/target/apidocs\com/ikokoon/serenity/model/\Afferent.html...
[INFO] Generating D:/Eclipse/workspace/serenity/target/checkout/target/apidocs\com/ikokoon/serenity/model/\Class.html...
[INFO] Generating D:/Eclipse/workspace/serenity/target/checkout/target/apidocs\com/ikokoon/serenity/model/\Composite.html...
[INFO] Generating D:/Eclipse/workspace/serenity/target/checkout/target/apidocs\com/ikokoon/serenity/model/\Efferent.html...
[INFO] Generating D:/Eclipse/workspace/serenity/target/checkout/target/apidocs\com/ikokoon/serenity/model/\IModel.html...
[INFO] Generating D:/Eclipse/workspace/serenity/target/checkout/target/apidocs\com/ikokoon/serenity/model/\Line.html...
[INFO] Generating D:/Eclipse/workspace/serenity/target/checkout/target/apidocs\com/ikokoon/serenity/model/\Method.html...
[INFO] Generating D:/Eclipse/workspace/serenity/target/checkout/target/apidocs\com/ikokoon/serenity/model/\Model.html...
[INFO] Generating D:/Eclipse/workspace/serenity/target/checkout/target/apidocs\com/ikokoon/serenity/model/\Package.html...
[INFO] Generating D:/Eclipse/workspace/serenity/target/checkout/target/apidocs\com/ikokoon/serenity/model/\Project.html...
[INFO] Generating D:/Eclipse/workspace/serenity/target/checkout/target/apidocs\com/ikokoon/serenity/model/\Unique.html...
[INFO] Generating D:/Eclipse/workspace/serenity/target/checkout/target/apidocs\com/ikokoon/serenity/persistence/\DataBase.html...
[INFO] Generating D:/Eclipse/workspace/serenity/target/checkout/target/apidocs\com/ikokoon/serenity/persistence/\DataBaseJpa.html...
[INFO] Generating D:/Eclipse/workspace/serenity/target/checkout/target/apidocs\com/ikokoon/serenity/persistence/\DataBaseOdb.html...
[INFO] Generating D:/Eclipse/workspace/serenity/target/checkout/target/apidocs\com/ikokoon/serenity/persistence/\DataBaseRam.html...
[INFO] Generating D:/Eclipse/workspace/serenity/target/checkout/target/apidocs\com/ikokoon/serenity/persistence/\DataBaseToolkit.html...
[INFO] Generating D:/Eclipse/workspace/serenity/target/checkout/target/apidocs\com/ikokoon/serenity/persistence/\DataBaseToolkit.ICriteria.html...
[INFO] Generating D:/Eclipse/workspace/serenity/target/checkout/target/apidocs\com/ikokoon/serenity/persistence/\IDataBase.html...
[INFO] Generating D:/Eclipse/workspace/serenity/target/checkout/target/apidocs\com/ikokoon/serenity/persistence/\IDataBase.DataBaseManager.html...
[INFO] Generating D:/Eclipse/workspace/serenity/target/checkout/target/apidocs\com/ikokoon/serenity/persistence/\IDataBaseEvent.html...
[INFO] Generating D:/Eclipse/workspace/serenity/target/checkout/target/apidocs\com/ikokoon/serenity/persistence/\IDataBaseEvent.Type.html...
[INFO] Generating D:/Eclipse/workspace/serenity/target/checkout/target/apidocs\com/ikokoon/serenity/persistence/\IDataBaseListener.html...
[INFO] Generating D:/Eclipse/workspace/serenity/target/checkout/target/apidocs\com/ikokoon/serenity/process/\Accumulator.html...
[INFO] Generating D:/Eclipse/workspace/serenity/target/checkout/target/apidocs\com/ikokoon/serenity/process/\Aggregator.html...
[INFO] Generating D:/Eclipse/workspace/serenity/target/checkout/target/apidocs\com/ikokoon/serenity/process/\AProcess.html...
[INFO] Generating D:/Eclipse/workspace/serenity/target/checkout/target/apidocs\com/ikokoon/serenity/process/\Cleaner.html...
[INFO] Generating D:/Eclipse/workspace/serenity/target/checkout/target/apidocs\com/ikokoon/serenity/process/\IProcess.html...
[INFO] Generating D:/Eclipse/workspace/serenity/target/checkout/target/apidocs\com/ikokoon/serenity/process/\Pruner.html...
[INFO] Generating D:/Eclipse/workspace/serenity/target/checkout/target/apidocs\com/ikokoon/toolkit/\Base64.html...
[INFO] Generating D:/Eclipse/workspace/serenity/target/checkout/target/apidocs\com/ikokoon/toolkit/\ClassLoader.html...
[INFO] Generating D:/Eclipse/workspace/serenity/target/checkout/target/apidocs\com/ikokoon/toolkit/\Matrix.html...
[INFO] Generating D:/Eclipse/workspace/serenity/target/checkout/target/apidocs\com/ikokoon/toolkit/\ObjectFactory.html...
[INFO] Generating D:/Eclipse/workspace/serenity/target/checkout/target/apidocs\com/ikokoon/toolkit/\Permutations.html...
[INFO] Generating D:/Eclipse/workspace/serenity/target/checkout/target/apidocs\com/ikokoon/toolkit/\ThreadDeadLockDetector.html...
[INFO] Generating D:/Eclipse/workspace/serenity/target/checkout/target/apidocs\com/ikokoon/toolkit/\Toolkit.html...
[INFO] Generating D:/Eclipse/workspace/serenity/target/checkout/target/apidocs\com/ikokoon/toolkit/\Toolkit.IFileFilter.html...
[INFO] Generating D:/Eclipse/workspace/serenity/target/checkout/target/apidocs\overview-frame.html...
[INFO] Generating D:/Eclipse/workspace/serenity/target/checkout/target/apidocs\com/ikokoon/serenity/\package-frame.html...
[INFO] Generating D:/Eclipse/workspace/serenity/target/checkout/target/apidocs\com/ikokoon/serenity/\package-summary.html...
[INFO] Generating D:/Eclipse/workspace/serenity/target/checkout/target/apidocs\com/ikokoon/serenity/\package-tree.html...
[INFO] Generating D:/Eclipse/workspace/serenity/target/checkout/target/apidocs\com/ikokoon/serenity/hudson/\package-frame.html...
[INFO] Generating D:/Eclipse/workspace/serenity/target/checkout/target/apidocs\com/ikokoon/serenity/hudson/\package-summary.html...
[INFO] Generating D:/Eclipse/workspace/serenity/target/checkout/target/apidocs\com/ikokoon/serenity/hudson/\package-tree.html...
[INFO] Generating D:/Eclipse/workspace/serenity/target/checkout/target/apidocs\com/ikokoon/serenity/hudson/modeller/\package-frame.html...
[INFO] Generating D:/Eclipse/workspace/serenity/target/checkout/target/apidocs\com/ikokoon/serenity/hudson/modeller/\package-summary.html...
[INFO] Generating D:/Eclipse/workspace/serenity/target/checkout/target/apidocs\com/ikokoon/serenity/hudson/modeller/\package-tree.html...
[INFO] Generating D:/Eclipse/workspace/serenity/target/checkout/target/apidocs\com/ikokoon/serenity/hudson/source/\package-frame.html...
[INFO] Generating D:/Eclipse/workspace/serenity/target/checkout/target/apidocs\com/ikokoon/serenity/hudson/source/\package-summary.html...
[INFO] Generating D:/Eclipse/workspace/serenity/target/checkout/target/apidocs\com/ikokoon/serenity/hudson/source/\package-tree.html...
[INFO] Generating D:/Eclipse/workspace/serenity/target/checkout/target/apidocs\com/ikokoon/serenity/instrumentation/\package-frame.html...
[INFO] Generating D:/Eclipse/workspace/serenity/target/checkout/target/apidocs\com/ikokoon/serenity/instrumentation/\package-summary.html...
[INFO] Generating D:/Eclipse/workspace/serenity/target/checkout/target/apidocs\com/ikokoon/serenity/instrumentation/\package-tree.html...
[INFO] Generating D:/Eclipse/workspace/serenity/target/checkout/target/apidocs\com/ikokoon/serenity/instrumentation/complexity/\package-frame.html...
[INFO] Generating D:/Eclipse/workspace/serenity/target/checkout/target/apidocs\com/ikokoon/serenity/instrumentation/complexity/\package-summary.html..
.
[INFO] Generating D:/Eclipse/workspace/serenity/target/checkout/target/apidocs\com/ikokoon/serenity/instrumentation/complexity/\package-tree.html...
[INFO] Generating D:/Eclipse/workspace/serenity/target/checkout/target/apidocs\com/ikokoon/serenity/instrumentation/coverage/\package-frame.html...
[INFO] Generating D:/Eclipse/workspace/serenity/target/checkout/target/apidocs\com/ikokoon/serenity/instrumentation/coverage/\package-summary.html...
[INFO] Generating D:/Eclipse/workspace/serenity/target/checkout/target/apidocs\com/ikokoon/serenity/instrumentation/coverage/\package-tree.html...
[INFO] Generating D:/Eclipse/workspace/serenity/target/checkout/target/apidocs\com/ikokoon/serenity/instrumentation/dependency/\package-frame.html...
[INFO] Generating D:/Eclipse/workspace/serenity/target/checkout/target/apidocs\com/ikokoon/serenity/instrumentation/dependency/\package-summary.html..
.
[INFO] Generating D:/Eclipse/workspace/serenity/target/checkout/target/apidocs\com/ikokoon/serenity/instrumentation/dependency/\package-tree.html...
[INFO] Generating D:/Eclipse/workspace/serenity/target/checkout/target/apidocs\com/ikokoon/serenity/instrumentation/profiling/\package-frame.html...
[INFO] Generating D:/Eclipse/workspace/serenity/target/checkout/target/apidocs\com/ikokoon/serenity/instrumentation/profiling/\package-summary.html...

[INFO] Generating D:/Eclipse/workspace/serenity/target/checkout/target/apidocs\com/ikokoon/serenity/instrumentation/profiling/\package-tree.html...
[INFO] Generating D:/Eclipse/workspace/serenity/target/checkout/target/apidocs\com/ikokoon/serenity/model/\package-frame.html...
[INFO] Generating D:/Eclipse/workspace/serenity/target/checkout/target/apidocs\com/ikokoon/serenity/model/\package-summary.html...
[INFO] Generating D:/Eclipse/workspace/serenity/target/checkout/target/apidocs\com/ikokoon/serenity/model/\package-tree.html...
[INFO] Generating D:/Eclipse/workspace/serenity/target/checkout/target/apidocs\com/ikokoon/serenity/persistence/\package-frame.html...
[INFO] Generating D:/Eclipse/workspace/serenity/target/checkout/target/apidocs\com/ikokoon/serenity/persistence/\package-summary.html...
[INFO] Generating D:/Eclipse/workspace/serenity/target/checkout/target/apidocs\com/ikokoon/serenity/persistence/\package-tree.html...
[INFO] Generating D:/Eclipse/workspace/serenity/target/checkout/target/apidocs\com/ikokoon/serenity/process/\package-frame.html...
[INFO] Generating D:/Eclipse/workspace/serenity/target/checkout/target/apidocs\com/ikokoon/serenity/process/\package-summary.html...
[INFO] Generating D:/Eclipse/workspace/serenity/target/checkout/target/apidocs\com/ikokoon/serenity/process/\package-tree.html...
[INFO] Generating D:/Eclipse/workspace/serenity/target/checkout/target/apidocs\com/ikokoon/toolkit/\package-frame.html...
[INFO] Generating D:/Eclipse/workspace/serenity/target/checkout/target/apidocs\com/ikokoon/toolkit/\package-summary.html...
[INFO] Generating D:/Eclipse/workspace/serenity/target/checkout/target/apidocs\com/ikokoon/toolkit/\package-tree.html...
[INFO] Generating D:/Eclipse/workspace/serenity/target/checkout/target/apidocs\constant-values.html...
[INFO] Generating D:/Eclipse/workspace/serenity/target/checkout/target/apidocs\serialized-form.html...
[INFO] Generating D:/Eclipse/workspace/serenity/target/checkout/target/apidocs\com/ikokoon/serenity/\class-use\Transformer.html...
[INFO] Generating D:/Eclipse/workspace/serenity/target/checkout/target/apidocs\com/ikokoon/serenity/\class-use\LoggingConfigurator.html...
[INFO] Generating D:/Eclipse/workspace/serenity/target/checkout/target/apidocs\com/ikokoon/serenity/\class-use\IConstants.html...
[INFO] Generating D:/Eclipse/workspace/serenity/target/checkout/target/apidocs\com/ikokoon/serenity/\class-use\Configuration.html...
[INFO] Generating D:/Eclipse/workspace/serenity/target/checkout/target/apidocs\com/ikokoon/serenity/\class-use\Collector.html...
[INFO] Generating D:/Eclipse/workspace/serenity/target/checkout/target/apidocs\com/ikokoon/serenity/hudson/\class-use\SerenityResult.html...
[INFO] Generating D:/Eclipse/workspace/serenity/target/checkout/target/apidocs\com/ikokoon/serenity/hudson/\class-use\SerenityPublisher.html...
[INFO] Generating D:/Eclipse/workspace/serenity/target/checkout/target/apidocs\com/ikokoon/serenity/hudson/\class-use\SerenityPublisher.DescriptorImpl
.html...
[INFO] Generating D:/Eclipse/workspace/serenity/target/checkout/target/apidocs\com/ikokoon/serenity/hudson/\class-use\SerenityProjectAction.html...
[INFO] Generating D:/Eclipse/workspace/serenity/target/checkout/target/apidocs\com/ikokoon/serenity/hudson/\class-use\SerenityPlugin.html...
[INFO] Generating D:/Eclipse/workspace/serenity/target/checkout/target/apidocs\com/ikokoon/serenity/hudson/\class-use\SerenityBuildAction.html...
[INFO] Generating D:/Eclipse/workspace/serenity/target/checkout/target/apidocs\com/ikokoon/serenity/hudson/\class-use\ISerenityResult.html...
[INFO] Generating D:/Eclipse/workspace/serenity/target/checkout/target/apidocs\com/ikokoon/serenity/hudson/modeller/\class-use\JetChartModeller.html..
.
[INFO] Generating D:/Eclipse/workspace/serenity/target/checkout/target/apidocs\com/ikokoon/serenity/hudson/modeller/\class-use\IModeller.html...
[INFO] Generating D:/Eclipse/workspace/serenity/target/checkout/target/apidocs\com/ikokoon/serenity/hudson/modeller/\class-use\HighchartsModeller.html
...
[INFO] Generating D:/Eclipse/workspace/serenity/target/checkout/target/apidocs\com/ikokoon/serenity/hudson/modeller/\class-use\HighchartsModeller.ICon
structor.html...
[INFO] Generating D:/Eclipse/workspace/serenity/target/checkout/target/apidocs\com/ikokoon/serenity/hudson/source/\class-use\JavaSource2HTMLConverterE
xt.html...
[INFO] Generating D:/Eclipse/workspace/serenity/target/checkout/target/apidocs\com/ikokoon/serenity/hudson/source/\class-use\ISourceCode.html...
[INFO] Generating D:/Eclipse/workspace/serenity/target/checkout/target/apidocs\com/ikokoon/serenity/hudson/source/\class-use\CoverageSourceCode.html..
.
[INFO] Generating D:/Eclipse/workspace/serenity/target/checkout/target/apidocs\com/ikokoon/serenity/instrumentation/complexity/\class-use\ComplexityMe
thodAdapter.html...
[INFO] Generating D:/Eclipse/workspace/serenity/target/checkout/target/apidocs\com/ikokoon/serenity/instrumentation/complexity/\class-use\ComplexityCl
assAdapter.html...
[INFO] Generating D:/Eclipse/workspace/serenity/target/checkout/target/apidocs\com/ikokoon/serenity/instrumentation/coverage/\class-use\CoverageMethod
AdapterExt.html...
[INFO] Generating D:/Eclipse/workspace/serenity/target/checkout/target/apidocs\com/ikokoon/serenity/instrumentation/coverage/\class-use\CoverageMethod
Adapter.html...
[INFO] Generating D:/Eclipse/workspace/serenity/target/checkout/target/apidocs\com/ikokoon/serenity/instrumentation/coverage/\class-use\CoverageClassA
dapterExt.html...
[INFO] Generating D:/Eclipse/workspace/serenity/target/checkout/target/apidocs\com/ikokoon/serenity/instrumentation/coverage/\class-use\CoverageClassA
dapter.html...
[INFO] Generating D:/Eclipse/workspace/serenity/target/checkout/target/apidocs\com/ikokoon/serenity/instrumentation/dependency/\class-use\DependencySi
gnatureAdapter.html...
[INFO] Generating D:/Eclipse/workspace/serenity/target/checkout/target/apidocs\com/ikokoon/serenity/instrumentation/dependency/\class-use\DependencyMe
thodAdapter.html...
[INFO] Generating D:/Eclipse/workspace/serenity/target/checkout/target/apidocs\com/ikokoon/serenity/instrumentation/dependency/\class-use\DependencyFi
eldAdapter.html...
[INFO] Generating D:/Eclipse/workspace/serenity/target/checkout/target/apidocs\com/ikokoon/serenity/instrumentation/dependency/\class-use\DependencyCl
assAdapter.html...
[INFO] Generating D:/Eclipse/workspace/serenity/target/checkout/target/apidocs\com/ikokoon/serenity/instrumentation/dependency/\class-use\DependencyAn
notationAdapter.html...
[INFO] Generating D:/Eclipse/workspace/serenity/target/checkout/target/apidocs\com/ikokoon/serenity/instrumentation/profiling/\class-use\ProfilingMeth
odAdapter.html...
[INFO] Generating D:/Eclipse/workspace/serenity/target/checkout/target/apidocs\com/ikokoon/serenity/instrumentation/profiling/\class-use\ProfilingClas
sAdapter.html...
[INFO] Generating D:/Eclipse/workspace/serenity/target/checkout/target/apidocs\com/ikokoon/serenity/instrumentation/\class-use\VisitorFactory.html...
[INFO] Generating D:/Eclipse/workspace/serenity/target/checkout/target/apidocs\com/ikokoon/serenity/model/\class-use\Unique.html...
[INFO] Generating D:/Eclipse/workspace/serenity/target/checkout/target/apidocs\com/ikokoon/serenity/model/\class-use\Project.html...
[INFO] Generating D:/Eclipse/workspace/serenity/target/checkout/target/apidocs\com/ikokoon/serenity/model/\class-use\Package.html...
[INFO] Generating D:/Eclipse/workspace/serenity/target/checkout/target/apidocs\com/ikokoon/serenity/model/\class-use\Model.html...
[INFO] Generating D:/Eclipse/workspace/serenity/target/checkout/target/apidocs\com/ikokoon/serenity/model/\class-use\Method.html...
[INFO] Generating D:/Eclipse/workspace/serenity/target/checkout/target/apidocs\com/ikokoon/serenity/model/\class-use\Line.html...
[INFO] Generating D:/Eclipse/workspace/serenity/target/checkout/target/apidocs\com/ikokoon/serenity/model/\class-use\IModel.html...
[INFO] Generating D:/Eclipse/workspace/serenity/target/checkout/target/apidocs\com/ikokoon/serenity/model/\class-use\Efferent.html...
[INFO] Generating D:/Eclipse/workspace/serenity/target/checkout/target/apidocs\com/ikokoon/serenity/model/\class-use\Composite.html...
[INFO] Generating D:/Eclipse/workspace/serenity/target/checkout/target/apidocs\com/ikokoon/serenity/model/\class-use\Class.html...
[INFO] Generating D:/Eclipse/workspace/serenity/target/checkout/target/apidocs\com/ikokoon/serenity/model/\class-use\Afferent.html...
[INFO] Generating D:/Eclipse/workspace/serenity/target/checkout/target/apidocs\com/ikokoon/serenity/persistence/\class-use\IDataBaseListener.html...
[INFO] Generating D:/Eclipse/workspace/serenity/target/checkout/target/apidocs\com/ikokoon/serenity/persistence/\class-use\IDataBaseEvent.html...
[INFO] Generating D:/Eclipse/workspace/serenity/target/checkout/target/apidocs\com/ikokoon/serenity/persistence/\class-use\IDataBaseEvent.Type.html...

[INFO] Generating D:/Eclipse/workspace/serenity/target/checkout/target/apidocs\com/ikokoon/serenity/persistence/\class-use\IDataBase.html...
[INFO] Generating D:/Eclipse/workspace/serenity/target/checkout/target/apidocs\com/ikokoon/serenity/persistence/\class-use\IDataBase.DataBaseManager.h
tml...
[INFO] Generating D:/Eclipse/workspace/serenity/target/checkout/target/apidocs\com/ikokoon/serenity/persistence/\class-use\DataBaseToolkit.html...
[INFO] Generating D:/Eclipse/workspace/serenity/target/checkout/target/apidocs\com/ikokoon/serenity/persistence/\class-use\DataBaseToolkit.ICriteria.h
tml...
[INFO] Generating D:/Eclipse/workspace/serenity/target/checkout/target/apidocs\com/ikokoon/serenity/persistence/\class-use\DataBaseRam.html...
[INFO] Generating D:/Eclipse/workspace/serenity/target/checkout/target/apidocs\com/ikokoon/serenity/persistence/\class-use\DataBaseOdb.html...
[INFO] Generating D:/Eclipse/workspace/serenity/target/checkout/target/apidocs\com/ikokoon/serenity/persistence/\class-use\DataBaseJpa.html...
[INFO] Generating D:/Eclipse/workspace/serenity/target/checkout/target/apidocs\com/ikokoon/serenity/persistence/\class-use\DataBase.html...
[INFO] Generating D:/Eclipse/workspace/serenity/target/checkout/target/apidocs\com/ikokoon/serenity/process/\class-use\Pruner.html...
[INFO] Generating D:/Eclipse/workspace/serenity/target/checkout/target/apidocs\com/ikokoon/serenity/process/\class-use\IProcess.html...
[INFO] Generating D:/Eclipse/workspace/serenity/target/checkout/target/apidocs\com/ikokoon/serenity/process/\class-use\Cleaner.html...
[INFO] Generating D:/Eclipse/workspace/serenity/target/checkout/target/apidocs\com/ikokoon/serenity/process/\class-use\AProcess.html...
[INFO] Generating D:/Eclipse/workspace/serenity/target/checkout/target/apidocs\com/ikokoon/serenity/process/\class-use\Aggregator.html...
[INFO] Generating D:/Eclipse/workspace/serenity/target/checkout/target/apidocs\com/ikokoon/serenity/process/\class-use\Accumulator.html...
[INFO] Generating D:/Eclipse/workspace/serenity/target/checkout/target/apidocs\com/ikokoon/toolkit/\class-use\Toolkit.html...
[INFO] Generating D:/Eclipse/workspace/serenity/target/checkout/target/apidocs\com/ikokoon/toolkit/\class-use\Toolkit.IFileFilter.html...
[INFO] Generating D:/Eclipse/workspace/serenity/target/checkout/target/apidocs\com/ikokoon/toolkit/\class-use\ThreadDeadLockDetector.html...
[INFO] Generating D:/Eclipse/workspace/serenity/target/checkout/target/apidocs\com/ikokoon/toolkit/\class-use\Permutations.html...
[INFO] Generating D:/Eclipse/workspace/serenity/target/checkout/target/apidocs\com/ikokoon/toolkit/\class-use\ObjectFactory.html...
[INFO] Generating D:/Eclipse/workspace/serenity/target/checkout/target/apidocs\com/ikokoon/toolkit/\class-use\Matrix.html...
[INFO] Generating D:/Eclipse/workspace/serenity/target/checkout/target/apidocs\com/ikokoon/toolkit/\class-use\ClassLoader.html...
[INFO] Generating D:/Eclipse/workspace/serenity/target/checkout/target/apidocs\com/ikokoon/toolkit/\class-use\Base64.html...
[INFO] Generating D:/Eclipse/workspace/serenity/target/checkout/target/apidocs\com/ikokoon/serenity/\package-use.html...
[INFO] Generating D:/Eclipse/workspace/serenity/target/checkout/target/apidocs\com/ikokoon/serenity/hudson/\package-use.html...
[INFO] Generating D:/Eclipse/workspace/serenity/target/checkout/target/apidocs\com/ikokoon/serenity/hudson/modeller/\package-use.html...
[INFO] Generating D:/Eclipse/workspace/serenity/target/checkout/target/apidocs\com/ikokoon/serenity/hudson/source/\package-use.html...
[INFO] Generating D:/Eclipse/workspace/serenity/target/checkout/target/apidocs\com/ikokoon/serenity/instrumentation/\package-use.html...
[INFO] Generating D:/Eclipse/workspace/serenity/target/checkout/target/apidocs\com/ikokoon/serenity/instrumentation/complexity/\package-use.html...
[INFO] Generating D:/Eclipse/workspace/serenity/target/checkout/target/apidocs\com/ikokoon/serenity/instrumentation/coverage/\package-use.html...
[INFO] Generating D:/Eclipse/workspace/serenity/target/checkout/target/apidocs\com/ikokoon/serenity/instrumentation/dependency/\package-use.html...
[INFO] Generating D:/Eclipse/workspace/serenity/target/checkout/target/apidocs\com/ikokoon/serenity/instrumentation/profiling/\package-use.html...
[INFO] Generating D:/Eclipse/workspace/serenity/target/checkout/target/apidocs\com/ikokoon/serenity/model/\package-use.html...
[INFO] Generating D:/Eclipse/workspace/serenity/target/checkout/target/apidocs\com/ikokoon/serenity/persistence/\package-use.html...
[INFO] Generating D:/Eclipse/workspace/serenity/target/checkout/target/apidocs\com/ikokoon/serenity/process/\package-use.html...
[INFO] Generating D:/Eclipse/workspace/serenity/target/checkout/target/apidocs\com/ikokoon/toolkit/\package-use.html...
[INFO] Building index for all the packages and classes...
[INFO] Generating D:/Eclipse/workspace/serenity/target/checkout/target/apidocs\overview-tree.html...
[INFO] Generating D:/Eclipse/workspace/serenity/target/checkout/target/apidocs\index-all.html...
[INFO] Generating D:/Eclipse/workspace/serenity/target/checkout/target/apidocs\deprecated-list.html...
[INFO] Building index for all classes...
[INFO] Generating D:/Eclipse/workspace/serenity/target/checkout/target/apidocs\allclasses-frame.html...
[INFO] Generating D:/Eclipse/workspace/serenity/target/checkout/target/apidocs\allclasses-noframe.html...
[INFO] Generating D:/Eclipse/workspace/serenity/target/checkout/target/apidocs\index.html...
[INFO] Generating D:/Eclipse/workspace/serenity/target/checkout/target/apidocs\overview-summary.html...
[INFO] Generating D:/Eclipse/workspace/serenity/target/checkout/target/apidocs\help-doc.html...
[INFO] Generating D:/Eclipse/workspace/serenity/target/checkout/target/apidocs\stylesheet.css...
[INFO] 2 warnings
[INFO] [INFO] Javadoc Warnings
[INFO] [WARNING] D:\Eclipse\workspace\serenity\target\checkout\src\main\java\com\ikokoon\serenity\process\Accumulator.java:44: warning - Tag @inheritD
oc cannot be used in constructor documentation.  It can only be used in the following types of documentation: method, inline text.
[INFO] [WARNING] D:\Eclipse\workspace\serenity\target\checkout\src\main\java\com\ikokoon\toolkit\Base64.java:85: warning - @param argument "len" is no
t a parameter name.
[INFO] [INFO] Building jar: D:\Eclipse\workspace\serenity\target\checkout\target\serenity-javadoc.jar
[INFO] [INFO] [antrun:run {execution: copy.hpi.task}]
[INFO] [INFO] Executing tasks
[INFO]      [echo] Unpacking and repacking serenity.jar with the agent manifest and the source
[INFO] [repack.serenity.with.manifest] Expanding: D:\Eclipse\workspace\serenity\target\checkout\target\serenity.jar into D:\Eclipse\workspace\serenity
\target\checkout\target\temp
[INFO]       [jar] Building jar: D:\Eclipse\workspace\serenity\target\checkout\target\serenity.jar
[INFO] [INFO] Executed tasks
[INFO] [INFO] [install:install {execution: default-install}]
[INFO] [INFO] Installing D:\Eclipse\workspace\serenity\target\checkout\target\serenity.hpi to C:\Users\Michael\.m2\repository\org\jvnet\hudson\plugins
\serenity\0.2\serenity-0.2.hpi
[INFO] [INFO] Installing D:\Eclipse\workspace\serenity\target\checkout\target\serenity.jar to C:\Users\Michael\.m2\repository\org\jvnet\hudson\plugins
\serenity\0.2\serenity-0.2.jar
[INFO] [INFO] Installing D:\Eclipse\workspace\serenity\target\checkout\target\serenity-sources.jar to C:\Users\Michael\.m2\repository\org\jvnet\hudson
\plugins\serenity\0.2\serenity-0.2-sources.jar
[INFO] [INFO] Installing D:\Eclipse\workspace\serenity\target\checkout\target\serenity-javadoc.jar to C:\Users\Michael\.m2\repository\org\jvnet\hudson
\plugins\serenity\0.2\serenity-0.2-javadoc.jar
[INFO] [INFO] [deploy:deploy {execution: default-deploy}]
[INFO] Uploading: java-net:/maven2-repository/trunk/repository//trunk/repository/org/jvnet/hudson/plugins/serenity/0.2/serenity-0.2.hpi
[INFO] 4096/?
[INFO] 8192/?
[INFO] 12288/?
[INFO] 16384/?
[INFO] 20480/?
[INFO] 24576/?
[INFO] 28672/?
[INFO] 32768/?
[INFO] 36864/?
[INFO] 40960/?
[INFO] 45056/?
[INFO] 49152/?
[INFO] 53248/?
[INFO] 57344/?
[INFO] 61440/?
[INFO] 65536/?
[INFO] 69632/?
[INFO] 73728/?
[INFO] 77824/?
[INFO] 81920/?
[INFO] 86016/?
[INFO] 90112/?
[INFO] 94208/?
[INFO] 98304/?
[INFO] 102400/?
[INFO] 106496/?
[INFO] 110592/?
[INFO] 114688/?
[INFO] 118784/?
[INFO] 122880/?
[INFO] 126976/?
[INFO] 131072/?
[INFO] 135168/?
[INFO] 139264/?
[INFO] 143360/?
[INFO] 147456/?
[INFO] 151552/?
[INFO] 155648/?
[INFO] 159744/?
[INFO] 163840/?
[INFO] 167936/?
[INFO] 172032/?
[INFO] 176128/?
[INFO] 180224/?
[INFO] 184320/?
[INFO] 188416/?
[INFO] 192512/?
[INFO] 196608/?
[INFO] 200704/?
[INFO] 204800/?
[INFO] 208896/?
[INFO] 212992/?
[INFO] 217088/?
[INFO] 221184/?
[INFO] 225280/?
[INFO] 229376/?
[INFO] 233472/?
[INFO] 237568/?
[INFO] 241664/?
[INFO] 245760/?
[INFO] 249856/?
[INFO] 253952/?
[INFO] 258048/?
[INFO] 262144/?
[INFO] 266240/?
[INFO] 270336/?
[INFO] 274432/?
[INFO] 278528/?
[INFO] 282624/?
[INFO] 286720/?
[INFO] 290816/?
[INFO] 294912/?
[INFO] 299008/?
[INFO] 303104/?
[INFO] 307200/?
[INFO] 311296/?
[INFO] 315392/?
[INFO] 319488/?
[INFO] 323584/?
[INFO] 327680/?
[INFO] 331776/?
[INFO] 335872/?
[INFO] 339968/?
[INFO] 344064/?
[INFO] 348160/?
[INFO] 352256/?
[INFO] 356352/?
[INFO] 360448/?
[INFO] 364544/?
[INFO] 368640/?
[INFO] 372736/?
[INFO] 376832/?
[INFO] 380928/?
[INFO] 385024/?
[INFO] 389120/?
[INFO] 393216/?
[INFO] 397312/?
[INFO] 401408/?
[INFO] 405504/?
[INFO] 409600/?
[INFO] 413696/?
[INFO] 417792/?
[INFO] 421888/?
[INFO] 425984/?
[INFO] 430080/?
[INFO] 434176/?
[INFO] 438272/?
[INFO] 442368/?
[INFO] 446464/?
[INFO] 450560/?
[INFO] 454656/?
[INFO] 458752/?
[INFO] 462848/?
[INFO] 466944/?
[INFO] 471040/?
[INFO] 475136/?
[INFO] 479232/?
[INFO] 483328/?
[INFO] 487424/?
[INFO] 491520/?
[INFO] 495616/?
[INFO] 499712/?
[INFO] 503808/?
[INFO] 507904/?
[INFO] 512000/?
[INFO] 516096/?
[INFO] 520192/?
[INFO] 524288/?
[INFO] 528384/?
[INFO] 532480/?
[INFO] 536576/?
[INFO] 540672/?
[INFO] 544768/?
[INFO] 548864/?
[INFO] 552960/?
[INFO] 557056/?
[INFO] 561152/?
[INFO] 565248/?
[INFO] 569344/?
[INFO] 573440/?
[INFO] 577536/?
[INFO] 581632/?
[INFO] 585728/?
[INFO] 589824/?
[INFO] 593920/?
[INFO] 598016/?
[INFO] 602112/?
[INFO] 606208/?
[INFO] 610304/?
[INFO] 614400/?
[INFO] 618496/?
[INFO] 622592/?
[INFO] 626688/?
[INFO] 630784/?
[INFO] 634880/?
[INFO] 638976/?
[INFO] 643072/?
[INFO] 647168/?
[INFO] 651264/?
[INFO] 655360/?
[INFO] 659456/?
[INFO] 663552/?
[INFO] 667648/?
[INFO] 671744/?
[INFO] 675840/?
[INFO] 679936/?
[INFO] 684032/?
[INFO] 688128/?
[INFO] 692224/?
[INFO] 696320/?
[INFO] 700416/?
[INFO] 704512/?
[INFO] 708608/?
[INFO] 712704/?
[INFO] 716800/?
[INFO] 720896/?
[INFO] 724992/?
[INFO] 729088/?
[INFO] 733184/?
[INFO] 737280/?
[INFO] 741376/?
[INFO] 745472/?
[INFO] 749568/?
[INFO] 753664/?
[INFO] 757760/?
[INFO] 761856/?
[INFO] 765952/?
[INFO] 770048/?
[INFO] 774144/?
[INFO] 778240/?
[INFO] 782336/?
[INFO] 786432/?
[INFO] 790528/?
[INFO] 794624/?
[INFO] 798720/?
[INFO] 802816/?
[INFO] 806912/?
[INFO] 811008/?
[INFO] 815104/?
[INFO] 819200/?
[INFO] 823296/?
[INFO] 827392/?
[INFO] 831488/?
[INFO] 835584/?
[INFO] 839680/?
[INFO] 843776/?
[INFO] 847872/?
[INFO] 851968/?
[INFO] 856064/?
[INFO] 860160/?
[INFO] 864256/?
[INFO] 868352/?
[INFO] 872448/?
[INFO] 876544/?
[INFO] 880640/?
[INFO] 884736/?
[INFO] 888832/?
[INFO] 892928/?
[INFO] 897024/?
[INFO] 901120/?
[INFO] 905216/?
[INFO] 909312/?
[INFO] 913408/?
[INFO] 917504/?
[INFO] 921600/?
[INFO] 925696/?
[INFO] 929792/?
[INFO] 933888/?
[INFO] 937984/?
[INFO] 942080/?
[INFO] 946176/?
[INFO] 950272/?
[INFO] 954368/?
[INFO] 958464/?
[INFO] 962560/?
[INFO] 966656/?
[INFO] 970752/?
[INFO] 974848/?
[INFO] 978944/?
[INFO] 983040/?
[INFO] 987136/?
[INFO] 991232/?
[INFO] 995328/?
[INFO] 999424/?
[INFO] 1003520/?
[INFO] 1007616/?
[INFO] 1011712/?
[INFO] 1015808/?
[INFO] 1019904/?
[INFO] 1024000/?
[INFO] 1028096/?
[INFO] 1032192/?
[INFO] 1036288/?
[INFO] 1040384/?
[INFO] 1044480/?
[INFO] 1048576/?
[INFO] 1052672/?
[INFO] 1056768/?
[INFO] 1060864/?
[INFO] 1064960/?
[INFO] 1069056/?
[INFO] 1073152/?
[INFO] 1077248/?
[INFO] 1081344/?
[INFO] 1085440/?
[INFO] 1089536/?
[INFO] 1093632/?
[INFO] 1097728/?
[INFO] 1101824/?
[INFO] 1105920/?
[INFO] 1110016/?
[INFO] 1114112/?
[INFO] 1118208/?
[INFO] 1122304/?
[INFO] 1126400/?
[INFO] 1130496/?
[INFO] 1134592/?
[INFO] 1138688/?
[INFO] 1142784/?
[INFO] 1146880/?
[INFO] 1150976/?
[INFO] 1155072/?
[INFO] 1159168/?
[INFO] 1163264/?
[INFO] 1167360/?
[INFO] 1171456/?
[INFO] 1175552/?
[INFO] 1179648/?
[INFO] 1183744/?
[INFO] 1187840/?
[INFO] 1191936/?
[INFO] 1196032/?
[INFO] 1200128/?
[INFO] 1204224/?
[INFO] 1208320/?
[INFO] 1212416/?
[INFO] 1216512/?
[INFO] 1220608/?
[INFO] 1224704/?
[INFO] 1228800/?
[INFO] 1232896/?
[INFO] 1236992/?
[INFO] 1241088/?
[INFO] 1245184/?
[INFO] 1249280/?
[INFO] 1253376/?
[INFO] 1257472/?
[INFO] 1261568/?
[INFO] 1265664/?
[INFO] 1269760/?
[INFO] 1273856/?
[INFO] 1277952/?
[INFO] 1282048/?
[INFO] 1286144/?
[INFO] 1290240/?
[INFO] 1294336/?
[INFO] 1298432/?
[INFO] 1302528/?
[INFO] 1306624/?
[INFO] 1310720/?
[INFO] 1314816/?
[INFO] 1318912/?
[INFO] 1323008/?
[INFO] 1327104/?
[INFO] 1331200/?
[INFO] 1335296/?
[INFO] 1339392/?
[INFO] 1343488/?
[INFO] 1347584/?
[INFO] 1351680/?
[INFO] 1355776/?
[INFO] 1359872/?
[INFO] 1363968/?
[INFO] 1368064/?
[INFO] 1372160/?
[INFO] 1376256/?
[INFO] 1380352/?
[INFO] 1384448/?
[INFO] 1388544/?
[INFO] 1392640/?
[INFO] 1396736/?
[INFO] 1400832/?
[INFO] 1404928/?
[INFO] 1409024/?
[INFO] 1413120/?
[INFO] 1417216/?
[INFO] 1421312/?
[INFO] 1425408/?
[INFO] 1429504/?
[INFO] 1433600/?
[INFO] 1437696/?
[INFO] 1441792/?
[INFO] 1445888/?
[INFO] 1449984/?
[INFO] 1454080/?
[INFO] 1458176/?
[INFO] 1462272/?
[INFO] 1466368/?
[INFO] 1470464/?
[INFO] 1474560/?
[INFO] 1478656/?
[INFO] 1482752/?
[INFO] 1486848/?
[INFO] 1490944/?
[INFO] 1495040/?
[INFO] 1499136/?
[INFO] 1503232/?
[INFO] 1507328/?
[INFO] 1511424/?
[INFO] 1515520/?
[INFO] 1519616/?
[INFO] 1523712/?
[INFO] 1527808/?
[INFO] 1531904/?
[INFO] 1536000/?
[INFO] 1540096/?
[INFO] 1544192/?
[INFO] 1548288/?
[INFO] 1552384/?
[INFO] 1556480/?
[INFO] 1560576/?
[INFO] 1564672/?
[INFO] 1568768/?
[INFO] 1572864/?
[INFO] 1576960/?
[INFO] 1581056/?
[INFO] 1585152/?
[INFO] 1589248/?
[INFO] 1593344/?
[INFO] 1597440/?
[INFO] 1601536/?
[INFO] 1605632/?
[INFO] 1609728/?
[INFO] 1613824/?
[INFO] 1617920/?
[INFO] 1618925/?
[INFO]
[INFO] [INFO] Retrieving previous metadata from java.net-m2-repository
[INFO] [INFO] Uploading repository metadata for: 'artifact org.jvnet.hudson.plugins:serenity'
[INFO] [INFO] Uploading project information for serenity 0.2
[INFO] Uploading: java-net:/maven2-repository/trunk/repository//trunk/repository/org/jvnet/hudson/plugins/serenity/0.2/serenity-0.2.jar
[INFO] 4096/?
[INFO] 8192/?
[INFO] 12288/?
[INFO] 16384/?
[INFO] 20480/?
[INFO] 24576/?
[INFO] 28672/?
[INFO] 32768/?
[INFO] 36864/?
[INFO] 40960/?
[INFO] 45056/?
[INFO] 49152/?
[INFO] 53248/?
[INFO] 57344/?
[INFO] 61440/?
[INFO] 65536/?
[INFO] 69632/?
[INFO] 73728/?
[INFO] 77824/?
[INFO] 81920/?
[INFO] 86016/?
[INFO] 90112/?
[INFO] 94208/?
[INFO] 98304/?
[INFO] 102400/?
[INFO] 106496/?
[INFO] 110592/?
[INFO] 114688/?
[INFO] 118784/?
[INFO] 122880/?
[INFO] 126976/?
[INFO] 131072/?
[INFO] 135168/?
[INFO] 139264/?
[INFO] 143360/?
[INFO] 147456/?
[INFO] 151552/?
[INFO] 155648/?
[INFO] 159744/?
[INFO] 163840/?
[INFO] 167936/?
[INFO] 172032/?
[INFO] 176128/?
[INFO] 180224/?
[INFO] 184320/?
[INFO] 188416/?
[INFO] 192512/?
[INFO] 196608/?
[INFO] 200704/?
[INFO] 204800/?
[INFO] 208896/?
[INFO] 212992/?
[INFO] 217088/?
[INFO] 221184/?
[INFO] 225280/?
[INFO] 229376/?
[INFO] 233472/?
[INFO] 237568/?
[INFO] 241664/?
[INFO] 245760/?
[INFO] 249856/?
[INFO] 253952/?
[INFO] 258048/?
[INFO] 262144/?
[INFO] 266240/?
[INFO] 270336/?
[INFO] 274432/?
[INFO] 278528/?
[INFO] 282624/?
[INFO] 286720/?
[INFO] 290816/?
[INFO] 294912/?
[INFO] 299008/?
[INFO] 303104/?
[INFO] 307200/?
[INFO] 311296/?
[INFO] 311853/?
[INFO]
[INFO] Uploading: java-net:/maven2-repository/trunk/repository//trunk/repository/org/jvnet/hudson/plugins/serenity/0.2/serenity-0.2-sources.jar
[INFO] 4096/?
[INFO] 8192/?
[INFO] 12288/?
[INFO] 16384/?
[INFO] 20480/?
[INFO] 24576/?
[INFO] 28672/?
[INFO] 32768/?
[INFO] 36864/?
[INFO] 40960/?
[INFO] 45056/?
[INFO] 49152/?
[INFO] 53248/?
[INFO] 57344/?
[INFO] 61440/?
[INFO] 65536/?
[INFO] 69632/?
[INFO] 73728/?
[INFO] 77824/?
[INFO] 81920/?
[INFO] 86016/?
[INFO] 90112/?
[INFO] 94208/?
[INFO] 98304/?
[INFO] 102400/?
[INFO] 106496/?
[INFO] 110592/?
[INFO] 114688/?
[INFO] 118784/?
[INFO] 122880/?
[INFO] 126976/?
[INFO] 131072/?
[INFO] 135168/?
[INFO] 139264/?
[INFO] 143360/?
[INFO] 147456/?
[INFO] 151552/?
[INFO] 155648/?
[INFO] 159744/?
[INFO] 163840/?
[INFO] 167936/?
[INFO] 168097/?
[INFO]
[INFO] Uploading: java-net:/maven2-repository/trunk/repository//trunk/repository/org/jvnet/hudson/plugins/serenity/0.2/serenity-0.2-javadoc.jar
[INFO] 4096/?
[INFO] 8192/?
[INFO] 12288/?
[INFO] 16384/?
[INFO] 20480/?
[INFO] 24576/?
[INFO] 28672/?
[INFO] 32768/?
[INFO] 36864/?
[INFO] 40960/?
[INFO] 45056/?
[INFO] 49152/?
[INFO] 53248/?
[INFO] 57344/?
[INFO] 61440/?
[INFO] 65536/?
[INFO] 69632/?
[INFO] 73728/?
[INFO] 77824/?
[INFO] 81920/?
[INFO] 86016/?
[INFO] 90112/?
[INFO] 94208/?
[INFO] 98304/?
[INFO] 102400/?
[INFO] 106496/?
[INFO] 110592/?
[INFO] 114688/?
[INFO] 118784/?
[INFO] 122880/?
[INFO] 126976/?
[INFO] 131072/?
[INFO] 135168/?
[INFO] 139264/?
[INFO] 143360/?
[INFO] 147456/?
[INFO] 151552/?
[INFO] 155648/?
[INFO] 159744/?
[INFO] 163840/?
[INFO] 167936/?
[INFO] 172032/?
[INFO] 176128/?
[INFO] 180224/?
[INFO] 184320/?
[INFO] 188416/?
[INFO] 192512/?
[INFO] 196608/?
[INFO] 200704/?
[INFO] 204800/?
[INFO] 208896/?
[INFO] 212992/?
[INFO] 217088/?
[INFO] 221184/?
[INFO] 225280/?
[INFO] 229376/?
[INFO] 233472/?
[INFO] 237568/?
[INFO] 241664/?
[INFO] 245760/?
[INFO] 249856/?
[INFO] 253952/?
[INFO] 258048/?
[INFO] 262144/?
[INFO] 266240/?
[INFO] 270336/?
[INFO] 274432/?
[INFO] 278528/?
[INFO] 282624/?
[INFO] 286720/?
[INFO] 290816/?
[INFO] 294912/?
[INFO] 299008/?
[INFO] 303104/?
[INFO] 307200/?
[INFO] 311296/?
[INFO] 315392/?
[INFO] 319488/?
[INFO] 323584/?
[INFO] 327680/?
[INFO] 331776/?
[INFO] 335872/?
[INFO] 339968/?
[INFO] 344064/?
[INFO] 348160/?
[INFO] 352256/?
[INFO] 356352/?
[INFO] 360448/?
[INFO] 364544/?
[INFO] 368640/?
[INFO] 372736/?
[INFO] 376832/?
[INFO] 380928/?
[INFO] 385024/?
[INFO] 389120/?
[INFO] 393216/?
[INFO] 397312/?
[INFO] 401408/?
[INFO] 405504/?
[INFO] 409600/?
[INFO] 413696/?
[INFO] 417792/?
[INFO] 421888/?
[INFO] 425984/?
[INFO] 430080/?
[INFO] 434176/?
[INFO] 438272/?
[INFO] 442368/?
[INFO] 446464/?
[INFO] 450560/?
[INFO] 454656/?
[INFO] 455426/?
[INFO]
[INFO] [INFO] Preparing hpi:upload
[INFO] [INFO] [enforcer:display-info {execution: default}]
[INFO] [INFO] Maven Version: 2.2.0
[INFO] [INFO] JDK Version: 1.6.0_16 normalized as: 1.6.0-16
[INFO] [INFO] OS Info: Arch: x86 Family: windows Name: windows vista Version: 6.0
[INFO] [INFO] [localizer:generate {execution: default}]
[INFO] [INFO] [resources:resources {execution: default-resources}]
[INFO] [INFO] Using 'UTF-8' encoding to copy filtered resources.
[INFO] [INFO] Copying 16 resources
[INFO] [INFO] [hpi:apt-compile {execution: default-apt-compile}]
[INFO] [INFO] Nothing to compile - all classes are up to date
[INFO] [INFO] [hpi:insert-test {execution: default-insert-test}]
[INFO] [INFO] [groovy:generateTestStubs {execution: test-in-groovy}]
[INFO] [INFO]  No sources found for Java stub generation
[INFO] [INFO] [resources:testResources {execution: default-testResources}]
[INFO] [INFO] Using 'UTF-8' encoding to copy filtered resources.
[INFO] [INFO] Copying 0 resource
[INFO] [INFO] [compiler:testCompile {execution: default-testCompile}]
[INFO] [INFO] Nothing to compile - all classes are up to date
[INFO] [INFO] [hpi:test-hpl {execution: default-test-hpl}]
[INFO] [INFO] Generating D:\Eclipse\workspace\serenity\target\checkout\target\test-classes\the.hpl
[INFO] [INFO] [groovy:testCompile {execution: test-in-groovy}]
[INFO] [INFO]  No sources found to compile
[INFO] [INFO] [surefire:test {execution: default-test}]
[INFO] [INFO] Surefire report directory: D:\Eclipse\workspace\serenity\target\checkout\target\surefire-reports
[INFO]
[INFO] -------------------------------------------------------
[INFO]  T E S T S
[INFO] -------------------------------------------------------
[INFO] Running com.ikokoon.toolkit.MatrixTest
[INFO] Tests run: 1, Failures: 0, Errors: 0, Skipped: 0, Time elapsed: 0.24 sec
[INFO] Running com.ikokoon.serenity.TransformerTest
[INFO] Tests run: 3, Failures: 0, Errors: 0, Skipped: 0, Time elapsed: 0.148 sec
[INFO] Running com.ikokoon.serenity.process.AggregatorTest
[INFO] Tests run: 5, Failures: 0, Errors: 0, Skipped: 0, Time elapsed: 0.031 sec
[INFO] Running com.ikokoon.serenity.process.AccumulatorTest
[INFO] Tests run: 1, Failures: 0, Errors: 0, Skipped: 0, Time elapsed: 3.518 sec
[INFO] Running com.ikokoon.serenity.instrumentation.coverage.CoverageClassAdapterExtTest
[INFO] 18:14:41,142 WARN  com.ikokoon.serenity.instrumentation.coverage.CoverageClassAdapterExtTest:54 - Directory path : com/ikokoon/target, file nam
e : Simple.class
[INFO] 18:14:41,144 WARN  com.ikokoon.serenity.instrumentation.coverage.CoverageClassAdapterExtTest:59 - Absolute directory : D:\Eclipse\workspace\ser
enity\target\checkout\.\serenity\com\ikokoon\target
[INFO] 18:14:41,149 WARN  com.ikokoon.serenity.instrumentation.coverage.CoverageClassAdapterExtTest:54 - Directory path : com/ikokoon/target, file nam
e : Simple.class
[INFO] 18:14:41,149 WARN  com.ikokoon.serenity.instrumentation.coverage.CoverageClassAdapterExtTest:59 - Absolute directory : D:\Eclipse\workspace\ser
enity\target\checkout\.\serenity\com\ikokoon\target
[INFO] Tests run: 1, Failures: 0, Errors: 0, Skipped: 0, Time elapsed: 0.038 sec
[INFO] Running com.ikokoon.serenity.instrumentation.coverage.CoverageTest
[INFO] Tests run: 1, Failures: 0, Errors: 0, Skipped: 0, Time elapsed: 0.051 sec
[INFO] Running InjectedTest
[INFO] Tests run: 0, Failures: 0, Errors: 0, Skipped: 0, Time elapsed: 0.004 sec
[INFO] Running com.ikokoon.serenity.instrumentation.VisitorFactoryTest
[INFO] Tests run: 1, Failures: 0, Errors: 0, Skipped: 0, Time elapsed: 0.053 sec
[INFO] Running com.ikokoon.serenity.process.PrunerTest
[INFO] Tests run: 1, Failures: 0, Errors: 0, Skipped: 0, Time elapsed: 0.51 sec
[INFO] Running com.ikokoon.serenity.instrumentation.complexity.ComplexityTest
[INFO] Tests run: 1, Failures: 0, Errors: 0, Skipped: 0, Time elapsed: 0.007 sec
[INFO] Running com.ikokoon.toolkit.ObjectFactoryTest
[INFO] 18:14:41,812 WARN  com.ikokoon.serenity.persistence.DataBaseOdb:153 - Attempted to persist a duplicate composite : 4066396674983717548:com.ikok
oon.target
[INFO] 18:14:41,829 WARN  com.ikokoon.serenity.persistence.DataBaseOdb:153 - Attempted to persist a duplicate composite : com.ikokoon.serenity.model.P
roject@5bf465
[INFO] 18:14:41,835 WARN  com.ikokoon.serenity.persistence.DataBaseOdb:194 - Attempted to close the database again
[INFO] Tests run: 1, Failures: 0, Errors: 0, Skipped: 0, Time elapsed: 0.037 sec
[INFO] Running com.ikokoon.serenity.persistence.DataBaseRamTest
[INFO] Tests run: 8, Failures: 0, Errors: 0, Skipped: 0, Time elapsed: 3.318 sec
[INFO] Running com.ikokoon.serenity.hudson.source.CoverageSourceCodeTest
[INFO] Tests run: 1, Failures: 0, Errors: 0, Skipped: 0, Time elapsed: 0.008 sec
[INFO] Running com.ikokoon.toolkit.ToolkitTest
[INFO] 18:14:45,183 WARN  com.ikokoon.toolkit.Toolkit:219 - File : .\target\folder\file.txt
[INFO] 18:14:45,184 WARN  com.ikokoon.toolkit.Toolkit:221 - Deleted file : .\target\folder\file.txt
[INFO] 18:14:45,185 WARN  com.ikokoon.toolkit.Toolkit:219 - File : .\target\folder
[INFO] 18:14:45,186 WARN  com.ikokoon.toolkit.Toolkit:221 - Deleted file : .\target\folder
[INFO] 18:14:45,188 WARN  com.ikokoon.toolkit.Toolkit:219 - File : .\target\folderCopy\file.txt
[INFO] 18:14:45,189 WARN  com.ikokoon.toolkit.Toolkit:221 - Deleted file : .\target\folderCopy\file.txt
[INFO] 18:14:45,189 WARN  com.ikokoon.toolkit.Toolkit:219 - File : .\target\folderCopy
[INFO] 18:14:45,190 WARN  com.ikokoon.toolkit.Toolkit:221 - Deleted file : .\target\folderCopy
[INFO] Tests run: 9, Failures: 0, Errors: 0, Skipped: 0, Time elapsed: 0.029 sec
[INFO] Running com.ikokoon.serenity.persistence.DataBaseJpaTest
[INFO] Tests run: 1, Failures: 0, Errors: 0, Skipped: 0, Time elapsed: 6.784 sec
[INFO] Running com.ikokoon.serenity.persistence.DataBaseOdbTest
[INFO] 18:14:52,000 WARN  com.ikokoon.serenity.persistence.DataBaseToolkit:73 - DataBaseOdbTest database dump :
[INFO] 18:14:52,043 WARN  com.ikokoon.serenity.persistence.DataBaseOdb:112 - Field : name, com.ikokoon.target
[INFO] 18:14:52,046 WARN  com.ikokoon.serenity.persistence.DataBaseOdb:116 - Objects : [5009479381399852905:com.ikokoon.target.Target]
[INFO] 18:14:52,047 WARN  com.ikokoon.serenity.persistence.DataBaseOdb:121 - Set : [5009479381399852905:com.ikokoon.target.Target]
[INFO] 18:14:52,047 WARN  com.ikokoon.serenity.persistence.DataBaseOdb:128 - List : [5009479381399852905:com.ikokoon.target.Target]
[INFO] Tests run: 5, Failures: 0, Errors: 0, Skipped: 0, Time elapsed: 0.069 sec
[INFO] Running com.ikokoon.toolkit.TypeTest
[INFO] Tests run: 1, Failures: 0, Errors: 0, Skipped: 0, Time elapsed: 0.006 sec
[INFO] Running com.ikokoon.toolkit.PermutationsTest
[INFO] Tests run: 1, Failures: 0, Errors: 0, Skipped: 0, Time elapsed: 0.003 sec
[INFO] Running com.ikokoon.serenity.hudson.modeller.ModellerTest
[INFO] Tests run: 3, Failures: 0, Errors: 0, Skipped: 0, Time elapsed: 0.016 sec
[INFO]
[INFO] Results :
[INFO]
[INFO] Tests run: 45, Failures: 0, Errors: 0, Skipped: 0
[INFO]
[INFO] [INFO] [hpi:hpi {execution: default-hpi}]
[INFO] [INFO] Exploding webapp...
[INFO] [INFO] Copy webapp webResources to D:\Eclipse\workspace\serenity\target\checkout\target\serenity
[INFO] [INFO] Assembling webapp serenity in D:\Eclipse\workspace\serenity\target\checkout\target\serenity
[INFO] [INFO] Generating hpi D:\Eclipse\workspace\serenity\target\checkout\target\serenity.hpi
[INFO] [INFO] Generating D:\Eclipse\workspace\serenity\target\checkout\target\serenity\META-INF\MANIFEST.MF
[INFO] [INFO] Building jar: D:\Eclipse\workspace\serenity\target\checkout\target\serenity.hpi
[INFO] [INFO] Building jar: D:\Eclipse\workspace\serenity\target\checkout\target\serenity.jar
[INFO] [INFO] Preparing source:jar
[INFO] [WARNING] Removing: jar from forked lifecycle, to prevent recursive invocation.
[INFO] [INFO] [enforcer:display-info {execution: default}]
[INFO] [INFO] Maven Version: 2.2.0
[INFO] [INFO] JDK Version: 1.6.0_16 normalized as: 1.6.0-16
[INFO] [INFO] OS Info: Arch: x86 Family: windows Name: windows vista Version: 6.0
[INFO] [INFO] [localizer:generate {execution: default}]
[INFO] [INFO] [source:jar {execution: attach-sources}]
[INFO] [INFO] Building jar: D:\Eclipse\workspace\serenity\target\checkout\target\serenity-sources.jar
[INFO] [INFO] Preparing javadoc:jar
[INFO] [WARNING] Removing: jar from forked lifecycle, to prevent recursive invocation.
[INFO] [WARNING] Removing: jar from forked lifecycle, to prevent recursive invocation.
[INFO] [INFO] [enforcer:display-info {execution: default}]
[INFO] [INFO] Maven Version: 2.2.0
[INFO] [INFO] JDK Version: 1.6.0_16 normalized as: 1.6.0-16
[INFO] [INFO] OS Info: Arch: x86 Family: windows Name: windows vista Version: 6.0
[INFO] [INFO] [localizer:generate {execution: default}]
[INFO] [INFO] [javadoc:jar {execution: attach-javadocs}]
[INFO] Loading source files for package com.ikokoon.serenity...
[INFO] Loading source files for package com.ikokoon.serenity.hudson...
[INFO] Loading source files for package com.ikokoon.serenity.hudson.modeller...
[INFO] Loading source files for package com.ikokoon.serenity.hudson.source...
[INFO] Loading source files for package com.ikokoon.serenity.instrumentation.complexity...
[INFO] Loading source files for package com.ikokoon.serenity.instrumentation.coverage...
[INFO] Loading source files for package com.ikokoon.serenity.instrumentation.dependency...
[INFO] Loading source files for package com.ikokoon.serenity.instrumentation.profiling...
[INFO] Loading source files for package com.ikokoon.serenity.instrumentation...
[INFO] Loading source files for package com.ikokoon.serenity.model...
[INFO] Loading source files for package com.ikokoon.serenity.persistence...
[INFO] Loading source files for package com.ikokoon.serenity.process...
[INFO] Loading source files for package com.ikokoon.toolkit...
[INFO] Constructing Javadoc information...
[INFO] Standard Doclet version 1.6.0_16
[INFO] Building tree for all the packages and classes...
[INFO] Generating D:/Eclipse/workspace/serenity/target/checkout/target/apidocs\com/ikokoon/serenity/\Collector.html...
[INFO] Generating D:/Eclipse/workspace/serenity/target/checkout/target/apidocs\com/ikokoon/serenity/\Configuration.html...
[INFO] Generating D:/Eclipse/workspace/serenity/target/checkout/target/apidocs\com/ikokoon/serenity/\IConstants.html...
[INFO] Generating D:/Eclipse/workspace/serenity/target/checkout/target/apidocs\com/ikokoon/serenity/\LoggingConfigurator.html...
[INFO] Generating D:/Eclipse/workspace/serenity/target/checkout/target/apidocs\com/ikokoon/serenity/\Transformer.html...
[INFO] Generating D:/Eclipse/workspace/serenity/target/checkout/target/apidocs\com/ikokoon/serenity/hudson/\ISerenityResult.html...
[INFO] Generating D:/Eclipse/workspace/serenity/target/checkout/target/apidocs\com/ikokoon/serenity/hudson/\SerenityBuildAction.html...
[INFO] Generating D:/Eclipse/workspace/serenity/target/checkout/target/apidocs\com/ikokoon/serenity/hudson/\SerenityPlugin.html...
[INFO] Generating D:/Eclipse/workspace/serenity/target/checkout/target/apidocs\com/ikokoon/serenity/hudson/\SerenityProjectAction.html...
[INFO] Generating D:/Eclipse/workspace/serenity/target/checkout/target/apidocs\com/ikokoon/serenity/hudson/\SerenityPublisher.html...
[INFO] Generating D:/Eclipse/workspace/serenity/target/checkout/target/apidocs\com/ikokoon/serenity/hudson/\SerenityPublisher.DescriptorImpl.html...
[INFO] Generating D:/Eclipse/workspace/serenity/target/checkout/target/apidocs\com/ikokoon/serenity/hudson/\SerenityResult.html...
[INFO] Generating D:/Eclipse/workspace/serenity/target/checkout/target/apidocs\com/ikokoon/serenity/hudson/modeller/\HighchartsModeller.html...
[INFO] Generating D:/Eclipse/workspace/serenity/target/checkout/target/apidocs\com/ikokoon/serenity/hudson/modeller/\HighchartsModeller.IConstructor.h
tml...
[INFO] Generating D:/Eclipse/workspace/serenity/target/checkout/target/apidocs\com/ikokoon/serenity/hudson/modeller/\IModeller.html...
[INFO] Generating D:/Eclipse/workspace/serenity/target/checkout/target/apidocs\com/ikokoon/serenity/hudson/modeller/\JetChartModeller.html...
[INFO] Generating D:/Eclipse/workspace/serenity/target/checkout/target/apidocs\com/ikokoon/serenity/hudson/source/\CoverageSourceCode.html...
[INFO] Generating D:/Eclipse/workspace/serenity/target/checkout/target/apidocs\com/ikokoon/serenity/hudson/source/\ISourceCode.html...
[INFO] Generating D:/Eclipse/workspace/serenity/target/checkout/target/apidocs\com/ikokoon/serenity/hudson/source/\JavaSource2HTMLConverterExt.html...

[INFO] Generating D:/Eclipse/workspace/serenity/target/checkout/target/apidocs\com/ikokoon/serenity/instrumentation/complexity/\ComplexityClassAdapter
.html...
[INFO] Generating D:/Eclipse/workspace/serenity/target/checkout/target/apidocs\com/ikokoon/serenity/instrumentation/complexity/\ComplexityMethodAdapte
r.html...
[INFO] Generating D:/Eclipse/workspace/serenity/target/checkout/target/apidocs\com/ikokoon/serenity/instrumentation/coverage/\CoverageClassAdapter.htm
l...
[INFO] Generating D:/Eclipse/workspace/serenity/target/checkout/target/apidocs\com/ikokoon/serenity/instrumentation/coverage/\CoverageClassAdapterExt.
html...
[INFO] Generating D:/Eclipse/workspace/serenity/target/checkout/target/apidocs\com/ikokoon/serenity/instrumentation/coverage/\CoverageMethodAdapter.ht
ml...
[INFO] Generating D:/Eclipse/workspace/serenity/target/checkout/target/apidocs\com/ikokoon/serenity/instrumentation/coverage/\CoverageMethodAdapterExt
.html...
[INFO] Generating D:/Eclipse/workspace/serenity/target/checkout/target/apidocs\com/ikokoon/serenity/instrumentation/dependency/\DependencyAnnotationAd
apter.html...
[INFO] Generating D:/Eclipse/workspace/serenity/target/checkout/target/apidocs\com/ikokoon/serenity/instrumentation/dependency/\DependencyClassAdapter
.html...
[INFO] Generating D:/Eclipse/workspace/serenity/target/checkout/target/apidocs\com/ikokoon/serenity/instrumentation/dependency/\DependencyFieldAdapter
.html...
[INFO] Generating D:/Eclipse/workspace/serenity/target/checkout/target/apidocs\com/ikokoon/serenity/instrumentation/dependency/\DependencyMethodAdapte
r.html...
[INFO] Generating D:/Eclipse/workspace/serenity/target/checkout/target/apidocs\com/ikokoon/serenity/instrumentation/dependency/\DependencySignatureAda
pter.html...
[INFO] Generating D:/Eclipse/workspace/serenity/target/checkout/target/apidocs\com/ikokoon/serenity/instrumentation/profiling/\ProfilingClassAdapter.h
tml...
[INFO] Generating D:/Eclipse/workspace/serenity/target/checkout/target/apidocs\com/ikokoon/serenity/instrumentation/profiling/\ProfilingMethodAdapter.
html...
[INFO] Generating D:/Eclipse/workspace/serenity/target/checkout/target/apidocs\com/ikokoon/serenity/instrumentation/\VisitorFactory.html...
[INFO] Generating D:/Eclipse/workspace/serenity/target/checkout/target/apidocs\com/ikokoon/serenity/model/\Afferent.html...
[INFO] Generating D:/Eclipse/workspace/serenity/target/checkout/target/apidocs\com/ikokoon/serenity/model/\Class.html...
[INFO] Generating D:/Eclipse/workspace/serenity/target/checkout/target/apidocs\com/ikokoon/serenity/model/\Composite.html...
[INFO] Generating D:/Eclipse/workspace/serenity/target/checkout/target/apidocs\com/ikokoon/serenity/model/\Efferent.html...
[INFO] Generating D:/Eclipse/workspace/serenity/target/checkout/target/apidocs\com/ikokoon/serenity/model/\IModel.html...
[INFO] Generating D:/Eclipse/workspace/serenity/target/checkout/target/apidocs\com/ikokoon/serenity/model/\Line.html...
[INFO] Generating D:/Eclipse/workspace/serenity/target/checkout/target/apidocs\com/ikokoon/serenity/model/\Method.html...
[INFO] Generating D:/Eclipse/workspace/serenity/target/checkout/target/apidocs\com/ikokoon/serenity/model/\Model.html...
[INFO] Generating D:/Eclipse/workspace/serenity/target/checkout/target/apidocs\com/ikokoon/serenity/model/\Package.html...
[INFO] Generating D:/Eclipse/workspace/serenity/target/checkout/target/apidocs\com/ikokoon/serenity/model/\Project.html...
[INFO] Generating D:/Eclipse/workspace/serenity/target/checkout/target/apidocs\com/ikokoon/serenity/model/\Unique.html...
[INFO] Generating D:/Eclipse/workspace/serenity/target/checkout/target/apidocs\com/ikokoon/serenity/persistence/\DataBase.html...
[INFO] Generating D:/Eclipse/workspace/serenity/target/checkout/target/apidocs\com/ikokoon/serenity/persistence/\DataBaseJpa.html...
[INFO] Generating D:/Eclipse/workspace/serenity/target/checkout/target/apidocs\com/ikokoon/serenity/persistence/\DataBaseOdb.html...
[INFO] Generating D:/Eclipse/workspace/serenity/target/checkout/target/apidocs\com/ikokoon/serenity/persistence/\DataBaseRam.html...
[INFO] Generating D:/Eclipse/workspace/serenity/target/checkout/target/apidocs\com/ikokoon/serenity/persistence/\DataBaseToolkit.html...
[INFO] Generating D:/Eclipse/workspace/serenity/target/checkout/target/apidocs\com/ikokoon/serenity/persistence/\DataBaseToolkit.ICriteria.html...
[INFO] Generating D:/Eclipse/workspace/serenity/target/checkout/target/apidocs\com/ikokoon/serenity/persistence/\IDataBase.html...
[INFO] Generating D:/Eclipse/workspace/serenity/target/checkout/target/apidocs\com/ikokoon/serenity/persistence/\IDataBase.DataBaseManager.html...
[INFO] Generating D:/Eclipse/workspace/serenity/target/checkout/target/apidocs\com/ikokoon/serenity/persistence/\IDataBaseEvent.html...
[INFO] Generating D:/Eclipse/workspace/serenity/target/checkout/target/apidocs\com/ikokoon/serenity/persistence/\IDataBaseEvent.Type.html...
[INFO] Generating D:/Eclipse/workspace/serenity/target/checkout/target/apidocs\com/ikokoon/serenity/persistence/\IDataBaseListener.html...
[INFO] Generating D:/Eclipse/workspace/serenity/target/checkout/target/apidocs\com/ikokoon/serenity/process/\Accumulator.html...
[INFO] Generating D:/Eclipse/workspace/serenity/target/checkout/target/apidocs\com/ikokoon/serenity/process/\Aggregator.html...
[INFO] Generating D:/Eclipse/workspace/serenity/target/checkout/target/apidocs\com/ikokoon/serenity/process/\AProcess.html...
[INFO] Generating D:/Eclipse/workspace/serenity/target/checkout/target/apidocs\com/ikokoon/serenity/process/\Cleaner.html...
[INFO] Generating D:/Eclipse/workspace/serenity/target/checkout/target/apidocs\com/ikokoon/serenity/process/\IProcess.html...
[INFO] Generating D:/Eclipse/workspace/serenity/target/checkout/target/apidocs\com/ikokoon/serenity/process/\Pruner.html...
[INFO] Generating D:/Eclipse/workspace/serenity/target/checkout/target/apidocs\com/ikokoon/toolkit/\Base64.html...
[INFO] Generating D:/Eclipse/workspace/serenity/target/checkout/target/apidocs\com/ikokoon/toolkit/\ClassLoader.html...
[INFO] Generating D:/Eclipse/workspace/serenity/target/checkout/target/apidocs\com/ikokoon/toolkit/\Matrix.html...
[INFO] Generating D:/Eclipse/workspace/serenity/target/checkout/target/apidocs\com/ikokoon/toolkit/\ObjectFactory.html...
[INFO] Generating D:/Eclipse/workspace/serenity/target/checkout/target/apidocs\com/ikokoon/toolkit/\Permutations.html...
[INFO] Generating D:/Eclipse/workspace/serenity/target/checkout/target/apidocs\com/ikokoon/toolkit/\ThreadDeadLockDetector.html...
[INFO] Generating D:/Eclipse/workspace/serenity/target/checkout/target/apidocs\com/ikokoon/toolkit/\Toolkit.html...
[INFO] Generating D:/Eclipse/workspace/serenity/target/checkout/target/apidocs\com/ikokoon/toolkit/\Toolkit.IFileFilter.html...
[INFO] Generating D:/Eclipse/workspace/serenity/target/checkout/target/apidocs\overview-frame.html...
[INFO] Generating D:/Eclipse/workspace/serenity/target/checkout/target/apidocs\com/ikokoon/serenity/\package-frame.html...
[INFO] Generating D:/Eclipse/workspace/serenity/target/checkout/target/apidocs\com/ikokoon/serenity/\package-summary.html...
[INFO] Generating D:/Eclipse/workspace/serenity/target/checkout/target/apidocs\com/ikokoon/serenity/\package-tree.html...
[INFO] Generating D:/Eclipse/workspace/serenity/target/checkout/target/apidocs\com/ikokoon/serenity/hudson/\package-frame.html...
[INFO] Generating D:/Eclipse/workspace/serenity/target/checkout/target/apidocs\com/ikokoon/serenity/hudson/\package-summary.html...
[INFO] Generating D:/Eclipse/workspace/serenity/target/checkout/target/apidocs\com/ikokoon/serenity/hudson/\package-tree.html...
[INFO] Generating D:/Eclipse/workspace/serenity/target/checkout/target/apidocs\com/ikokoon/serenity/hudson/modeller/\package-frame.html...
[INFO] Generating D:/Eclipse/workspace/serenity/target/checkout/target/apidocs\com/ikokoon/serenity/hudson/modeller/\package-summary.html...
[INFO] Generating D:/Eclipse/workspace/serenity/target/checkout/target/apidocs\com/ikokoon/serenity/hudson/modeller/\package-tree.html...
[INFO] Generating D:/Eclipse/workspace/serenity/target/checkout/target/apidocs\com/ikokoon/serenity/hudson/source/\package-frame.html...
[INFO] Generating D:/Eclipse/workspace/serenity/target/checkout/target/apidocs\com/ikokoon/serenity/hudson/source/\package-summary.html...
[INFO] Generating D:/Eclipse/workspace/serenity/target/checkout/target/apidocs\com/ikokoon/serenity/hudson/source/\package-tree.html...
[INFO] Generating D:/Eclipse/workspace/serenity/target/checkout/target/apidocs\com/ikokoon/serenity/instrumentation/\package-frame.html...
[INFO] Generating D:/Eclipse/workspace/serenity/target/checkout/target/apidocs\com/ikokoon/serenity/instrumentation/\package-summary.html...
[INFO] Generating D:/Eclipse/workspace/serenity/target/checkout/target/apidocs\com/ikokoon/serenity/instrumentation/\package-tree.html...
[INFO] Generating D:/Eclipse/workspace/serenity/target/checkout/target/apidocs\com/ikokoon/serenity/instrumentation/complexity/\package-frame.html...
[INFO] Generating D:/Eclipse/workspace/serenity/target/checkout/target/apidocs\com/ikokoon/serenity/instrumentation/complexity/\package-summary.html..
.
[INFO] Generating D:/Eclipse/workspace/serenity/target/checkout/target/apidocs\com/ikokoon/serenity/instrumentation/complexity/\package-tree.html...
[INFO] Generating D:/Eclipse/workspace/serenity/target/checkout/target/apidocs\com/ikokoon/serenity/instrumentation/coverage/\package-frame.html...
[INFO] Generating D:/Eclipse/workspace/serenity/target/checkout/target/apidocs\com/ikokoon/serenity/instrumentation/coverage/\package-summary.html...
[INFO] Generating D:/Eclipse/workspace/serenity/target/checkout/target/apidocs\com/ikokoon/serenity/instrumentation/coverage/\package-tree.html...
[INFO] Generating D:/Eclipse/workspace/serenity/target/checkout/target/apidocs\com/ikokoon/serenity/instrumentation/dependency/\package-frame.html...
[INFO] Generating D:/Eclipse/workspace/serenity/target/checkout/target/apidocs\com/ikokoon/serenity/instrumentation/dependency/\package-summary.html..
.
[INFO] Generating D:/Eclipse/workspace/serenity/target/checkout/target/apidocs\com/ikokoon/serenity/instrumentation/dependency/\package-tree.html...
[INFO] Generating D:/Eclipse/workspace/serenity/target/checkout/target/apidocs\com/ikokoon/serenity/instrumentation/profiling/\package-frame.html...
[INFO] Generating D:/Eclipse/workspace/serenity/target/checkout/target/apidocs\com/ikokoon/serenity/instrumentation/profiling/\package-summary.html...

[INFO] Generating D:/Eclipse/workspace/serenity/target/checkout/target/apidocs\com/ikokoon/serenity/instrumentation/profiling/\package-tree.html...
[INFO] Generating D:/Eclipse/workspace/serenity/target/checkout/target/apidocs\com/ikokoon/serenity/model/\package-frame.html...
[INFO] Generating D:/Eclipse/workspace/serenity/target/checkout/target/apidocs\com/ikokoon/serenity/model/\package-summary.html...
[INFO] Generating D:/Eclipse/workspace/serenity/target/checkout/target/apidocs\com/ikokoon/serenity/model/\package-tree.html...
[INFO] Generating D:/Eclipse/workspace/serenity/target/checkout/target/apidocs\com/ikokoon/serenity/persistence/\package-frame.html...
[INFO] Generating D:/Eclipse/workspace/serenity/target/checkout/target/apidocs\com/ikokoon/serenity/persistence/\package-summary.html...
[INFO] Generating D:/Eclipse/workspace/serenity/target/checkout/target/apidocs\com/ikokoon/serenity/persistence/\package-tree.html...
[INFO] Generating D:/Eclipse/workspace/serenity/target/checkout/target/apidocs\com/ikokoon/serenity/process/\package-frame.html...
[INFO] Generating D:/Eclipse/workspace/serenity/target/checkout/target/apidocs\com/ikokoon/serenity/process/\package-summary.html...
[INFO] Generating D:/Eclipse/workspace/serenity/target/checkout/target/apidocs\com/ikokoon/serenity/process/\package-tree.html...
[INFO] Generating D:/Eclipse/workspace/serenity/target/checkout/target/apidocs\com/ikokoon/toolkit/\package-frame.html...
[INFO] Generating D:/Eclipse/workspace/serenity/target/checkout/target/apidocs\com/ikokoon/toolkit/\package-summary.html...
[INFO] Generating D:/Eclipse/workspace/serenity/target/checkout/target/apidocs\com/ikokoon/toolkit/\package-tree.html...
[INFO] Generating D:/Eclipse/workspace/serenity/target/checkout/target/apidocs\constant-values.html...
[INFO] Generating D:/Eclipse/workspace/serenity/target/checkout/target/apidocs\serialized-form.html...
[INFO] Generating D:/Eclipse/workspace/serenity/target/checkout/target/apidocs\com/ikokoon/serenity/\class-use\Transformer.html...
[INFO] Generating D:/Eclipse/workspace/serenity/target/checkout/target/apidocs\com/ikokoon/serenity/\class-use\LoggingConfigurator.html...
[INFO] Generating D:/Eclipse/workspace/serenity/target/checkout/target/apidocs\com/ikokoon/serenity/\class-use\IConstants.html...
[INFO] Generating D:/Eclipse/workspace/serenity/target/checkout/target/apidocs\com/ikokoon/serenity/\class-use\Configuration.html...
[INFO] Generating D:/Eclipse/workspace/serenity/target/checkout/target/apidocs\com/ikokoon/serenity/\class-use\Collector.html...
[INFO] Generating D:/Eclipse/workspace/serenity/target/checkout/target/apidocs\com/ikokoon/serenity/hudson/\class-use\SerenityResult.html...
[INFO] Generating D:/Eclipse/workspace/serenity/target/checkout/target/apidocs\com/ikokoon/serenity/hudson/\class-use\SerenityPublisher.html...
[INFO] Generating D:/Eclipse/workspace/serenity/target/checkout/target/apidocs\com/ikokoon/serenity/hudson/\class-use\SerenityPublisher.DescriptorImpl
.html...
[INFO] Generating D:/Eclipse/workspace/serenity/target/checkout/target/apidocs\com/ikokoon/serenity/hudson/\class-use\SerenityProjectAction.html...
[INFO] Generating D:/Eclipse/workspace/serenity/target/checkout/target/apidocs\com/ikokoon/serenity/hudson/\class-use\SerenityPlugin.html...
[INFO] Generating D:/Eclipse/workspace/serenity/target/checkout/target/apidocs\com/ikokoon/serenity/hudson/\class-use\SerenityBuildAction.html...
[INFO] Generating D:/Eclipse/workspace/serenity/target/checkout/target/apidocs\com/ikokoon/serenity/hudson/\class-use\ISerenityResult.html...
[INFO] Generating D:/Eclipse/workspace/serenity/target/checkout/target/apidocs\com/ikokoon/serenity/hudson/modeller/\class-use\JetChartModeller.html..
.
[INFO] Generating D:/Eclipse/workspace/serenity/target/checkout/target/apidocs\com/ikokoon/serenity/hudson/modeller/\class-use\IModeller.html...
[INFO] Generating D:/Eclipse/workspace/serenity/target/checkout/target/apidocs\com/ikokoon/serenity/hudson/modeller/\class-use\HighchartsModeller.html
...
[INFO] Generating D:/Eclipse/workspace/serenity/target/checkout/target/apidocs\com/ikokoon/serenity/hudson/modeller/\class-use\HighchartsModeller.ICon
structor.html...
[INFO] Generating D:/Eclipse/workspace/serenity/target/checkout/target/apidocs\com/ikokoon/serenity/hudson/source/\class-use\JavaSource2HTMLConverterE
xt.html...
[INFO] Generating D:/Eclipse/workspace/serenity/target/checkout/target/apidocs\com/ikokoon/serenity/hudson/source/\class-use\ISourceCode.html...
[INFO] Generating D:/Eclipse/workspace/serenity/target/checkout/target/apidocs\com/ikokoon/serenity/hudson/source/\class-use\CoverageSourceCode.html..
.
[INFO] Generating D:/Eclipse/workspace/serenity/target/checkout/target/apidocs\com/ikokoon/serenity/instrumentation/complexity/\class-use\ComplexityMe
thodAdapter.html...
[INFO] Generating D:/Eclipse/workspace/serenity/target/checkout/target/apidocs\com/ikokoon/serenity/instrumentation/complexity/\class-use\ComplexityCl
assAdapter.html...
[INFO] Generating D:/Eclipse/workspace/serenity/target/checkout/target/apidocs\com/ikokoon/serenity/instrumentation/coverage/\class-use\CoverageMethod
AdapterExt.html...
[INFO] Generating D:/Eclipse/workspace/serenity/target/checkout/target/apidocs\com/ikokoon/serenity/instrumentation/coverage/\class-use\CoverageMethod
Adapter.html...
[INFO] Generating D:/Eclipse/workspace/serenity/target/checkout/target/apidocs\com/ikokoon/serenity/instrumentation/coverage/\class-use\CoverageClassA
dapterExt.html...
[INFO] Generating D:/Eclipse/workspace/serenity/target/checkout/target/apidocs\com/ikokoon/serenity/instrumentation/coverage/\class-use\CoverageClassA
dapter.html...
[INFO] Generating D:/Eclipse/workspace/serenity/target/checkout/target/apidocs\com/ikokoon/serenity/instrumentation/dependency/\class-use\DependencySi
gnatureAdapter.html...
[INFO] Generating D:/Eclipse/workspace/serenity/target/checkout/target/apidocs\com/ikokoon/serenity/instrumentation/dependency/\class-use\DependencyMe
thodAdapter.html...
[INFO] Generating D:/Eclipse/workspace/serenity/target/checkout/target/apidocs\com/ikokoon/serenity/instrumentation/dependency/\class-use\DependencyFi
eldAdapter.html...
[INFO] Generating D:/Eclipse/workspace/serenity/target/checkout/target/apidocs\com/ikokoon/serenity/instrumentation/dependency/\class-use\DependencyCl
assAdapter.html...
[INFO] Generating D:/Eclipse/workspace/serenity/target/checkout/target/apidocs\com/ikokoon/serenity/instrumentation/dependency/\class-use\DependencyAn
notationAdapter.html...
[INFO] Generating D:/Eclipse/workspace/serenity/target/checkout/target/apidocs\com/ikokoon/serenity/instrumentation/profiling/\class-use\ProfilingMeth
odAdapter.html...
[INFO] Generating D:/Eclipse/workspace/serenity/target/checkout/target/apidocs\com/ikokoon/serenity/instrumentation/profiling/\class-use\ProfilingClas
sAdapter.html...
[INFO] Generating D:/Eclipse/workspace/serenity/target/checkout/target/apidocs\com/ikokoon/serenity/instrumentation/\class-use\VisitorFactory.html...
[INFO] Generating D:/Eclipse/workspace/serenity/target/checkout/target/apidocs\com/ikokoon/serenity/model/\class-use\Unique.html...
[INFO] Generating D:/Eclipse/workspace/serenity/target/checkout/target/apidocs\com/ikokoon/serenity/model/\class-use\Project.html...
[INFO] Generating D:/Eclipse/workspace/serenity/target/checkout/target/apidocs\com/ikokoon/serenity/model/\class-use\Package.html...
[INFO] Generating D:/Eclipse/workspace/serenity/target/checkout/target/apidocs\com/ikokoon/serenity/model/\class-use\Model.html...
[INFO] Generating D:/Eclipse/workspace/serenity/target/checkout/target/apidocs\com/ikokoon/serenity/model/\class-use\Method.html...
[INFO] Generating D:/Eclipse/workspace/serenity/target/checkout/target/apidocs\com/ikokoon/serenity/model/\class-use\Line.html...
[INFO] Generating D:/Eclipse/workspace/serenity/target/checkout/target/apidocs\com/ikokoon/serenity/model/\class-use\IModel.html...
[INFO] Generating D:/Eclipse/workspace/serenity/target/checkout/target/apidocs\com/ikokoon/serenity/model/\class-use\Efferent.html...
[INFO] Generating D:/Eclipse/workspace/serenity/target/checkout/target/apidocs\com/ikokoon/serenity/model/\class-use\Composite.html...
[INFO] Generating D:/Eclipse/workspace/serenity/target/checkout/target/apidocs\com/ikokoon/serenity/model/\class-use\Class.html...
[INFO] Generating D:/Eclipse/workspace/serenity/target/checkout/target/apidocs\com/ikokoon/serenity/model/\class-use\Afferent.html...
[INFO] Generating D:/Eclipse/workspace/serenity/target/checkout/target/apidocs\com/ikokoon/serenity/persistence/\class-use\IDataBaseListener.html...
[INFO] Generating D:/Eclipse/workspace/serenity/target/checkout/target/apidocs\com/ikokoon/serenity/persistence/\class-use\IDataBaseEvent.html...
[INFO] Generating D:/Eclipse/workspace/serenity/target/checkout/target/apidocs\com/ikokoon/serenity/persistence/\class-use\IDataBaseEvent.Type.html...

[INFO] Generating D:/Eclipse/workspace/serenity/target/checkout/target/apidocs\com/ikokoon/serenity/persistence/\class-use\IDataBase.html...
[INFO] Generating D:/Eclipse/workspace/serenity/target/checkout/target/apidocs\com/ikokoon/serenity/persistence/\class-use\IDataBase.DataBaseManager.h
tml...
[INFO] Generating D:/Eclipse/workspace/serenity/target/checkout/target/apidocs\com/ikokoon/serenity/persistence/\class-use\DataBaseToolkit.html...
[INFO] Generating D:/Eclipse/workspace/serenity/target/checkout/target/apidocs\com/ikokoon/serenity/persistence/\class-use\DataBaseToolkit.ICriteria.h
tml...
[INFO] Generating D:/Eclipse/workspace/serenity/target/checkout/target/apidocs\com/ikokoon/serenity/persistence/\class-use\DataBaseRam.html...
[INFO] Generating D:/Eclipse/workspace/serenity/target/checkout/target/apidocs\com/ikokoon/serenity/persistence/\class-use\DataBaseOdb.html...
[INFO] Generating D:/Eclipse/workspace/serenity/target/checkout/target/apidocs\com/ikokoon/serenity/persistence/\class-use\DataBaseJpa.html...
[INFO] Generating D:/Eclipse/workspace/serenity/target/checkout/target/apidocs\com/ikokoon/serenity/persistence/\class-use\DataBase.html...
[INFO] Generating D:/Eclipse/workspace/serenity/target/checkout/target/apidocs\com/ikokoon/serenity/process/\class-use\Pruner.html...
[INFO] Generating D:/Eclipse/workspace/serenity/target/checkout/target/apidocs\com/ikokoon/serenity/process/\class-use\IProcess.html...
[INFO] Generating D:/Eclipse/workspace/serenity/target/checkout/target/apidocs\com/ikokoon/serenity/process/\class-use\Cleaner.html...
[INFO] Generating D:/Eclipse/workspace/serenity/target/checkout/target/apidocs\com/ikokoon/serenity/process/\class-use\AProcess.html...
[INFO] Generating D:/Eclipse/workspace/serenity/target/checkout/target/apidocs\com/ikokoon/serenity/process/\class-use\Aggregator.html...
[INFO] Generating D:/Eclipse/workspace/serenity/target/checkout/target/apidocs\com/ikokoon/serenity/process/\class-use\Accumulator.html...
[INFO] Generating D:/Eclipse/workspace/serenity/target/checkout/target/apidocs\com/ikokoon/toolkit/\class-use\Toolkit.html...
[INFO] Generating D:/Eclipse/workspace/serenity/target/checkout/target/apidocs\com/ikokoon/toolkit/\class-use\Toolkit.IFileFilter.html...
[INFO] Generating D:/Eclipse/workspace/serenity/target/checkout/target/apidocs\com/ikokoon/toolkit/\class-use\ThreadDeadLockDetector.html...
[INFO] Generating D:/Eclipse/workspace/serenity/target/checkout/target/apidocs\com/ikokoon/toolkit/\class-use\Permutations.html...
[INFO] Generating D:/Eclipse/workspace/serenity/target/checkout/target/apidocs\com/ikokoon/toolkit/\class-use\ObjectFactory.html...
[INFO] Generating D:/Eclipse/workspace/serenity/target/checkout/target/apidocs\com/ikokoon/toolkit/\class-use\Matrix.html...
[INFO] Generating D:/Eclipse/workspace/serenity/target/checkout/target/apidocs\com/ikokoon/toolkit/\class-use\ClassLoader.html...
[INFO] Generating D:/Eclipse/workspace/serenity/target/checkout/target/apidocs\com/ikokoon/toolkit/\class-use\Base64.html...
[INFO] Generating D:/Eclipse/workspace/serenity/target/checkout/target/apidocs\com/ikokoon/serenity/\package-use.html...
[INFO] Generating D:/Eclipse/workspace/serenity/target/checkout/target/apidocs\com/ikokoon/serenity/hudson/\package-use.html...
[INFO] Generating D:/Eclipse/workspace/serenity/target/checkout/target/apidocs\com/ikokoon/serenity/hudson/modeller/\package-use.html...
[INFO] Generating D:/Eclipse/workspace/serenity/target/checkout/target/apidocs\com/ikokoon/serenity/hudson/source/\package-use.html...
[INFO] Generating D:/Eclipse/workspace/serenity/target/checkout/target/apidocs\com/ikokoon/serenity/instrumentation/\package-use.html...
[INFO] Generating D:/Eclipse/workspace/serenity/target/checkout/target/apidocs\com/ikokoon/serenity/instrumentation/complexity/\package-use.html...
[INFO] Generating D:/Eclipse/workspace/serenity/target/checkout/target/apidocs\com/ikokoon/serenity/instrumentation/coverage/\package-use.html...
[INFO] Generating D:/Eclipse/workspace/serenity/target/checkout/target/apidocs\com/ikokoon/serenity/instrumentation/dependency/\package-use.html...
[INFO] Generating D:/Eclipse/workspace/serenity/target/checkout/target/apidocs\com/ikokoon/serenity/instrumentation/profiling/\package-use.html...
[INFO] Generating D:/Eclipse/workspace/serenity/target/checkout/target/apidocs\com/ikokoon/serenity/model/\package-use.html...
[INFO] Generating D:/Eclipse/workspace/serenity/target/checkout/target/apidocs\com/ikokoon/serenity/persistence/\package-use.html...
[INFO] Generating D:/Eclipse/workspace/serenity/target/checkout/target/apidocs\com/ikokoon/serenity/process/\package-use.html...
[INFO] Generating D:/Eclipse/workspace/serenity/target/checkout/target/apidocs\com/ikokoon/toolkit/\package-use.html...
[INFO] Building index for all the packages and classes...
[INFO] Generating D:/Eclipse/workspace/serenity/target/checkout/target/apidocs\overview-tree.html...
[INFO] Generating D:/Eclipse/workspace/serenity/target/checkout/target/apidocs\index-all.html...
[INFO] Generating D:/Eclipse/workspace/serenity/target/checkout/target/apidocs\deprecated-list.html...
[INFO] Building index for all classes...
[INFO] Generating D:/Eclipse/workspace/serenity/target/checkout/target/apidocs\allclasses-frame.html...
[INFO] Generating D:/Eclipse/workspace/serenity/target/checkout/target/apidocs\allclasses-noframe.html...
[INFO] Generating D:/Eclipse/workspace/serenity/target/checkout/target/apidocs\index.html...
[INFO] Generating D:/Eclipse/workspace/serenity/target/checkout/target/apidocs\overview-summary.html...
[INFO] Generating D:/Eclipse/workspace/serenity/target/checkout/target/apidocs\help-doc.html...
[INFO] Generating D:/Eclipse/workspace/serenity/target/checkout/target/apidocs\stylesheet.css...
[INFO] 2 warnings
[INFO] [INFO] Javadoc Warnings
[INFO] [WARNING] D:\Eclipse\workspace\serenity\target\checkout\src\main\java\com\ikokoon\serenity\process\Accumulator.java:44: warning - Tag @inheritD
oc cannot be used in constructor documentation.  It can only be used in the following types of documentation: method, inline text.
[INFO] [WARNING] D:\Eclipse\workspace\serenity\target\checkout\src\main\java\com\ikokoon\toolkit\Base64.java:85: warning - @param argument "len" is no
t a parameter name.
[INFO] [INFO] Building jar: D:\Eclipse\workspace\serenity\target\checkout\target\serenity-javadoc.jar
[INFO] [INFO] [antrun:run {execution: copy.hpi.task}]
[INFO] [INFO] Executing tasks
[INFO]      [echo] Unpacking and repacking serenity.jar with the agent manifest and the source
[INFO] [repack.serenity.with.manifest] Expanding: D:\Eclipse\workspace\serenity\target\checkout\target\serenity.jar into D:\Eclipse\workspace\serenity
\target\checkout\target\temp
[INFO]       [jar] Building jar: D:\Eclipse\workspace\serenity\target\checkout\target\serenity.jar
[INFO] [INFO] Executed tasks
[INFO] [INFO] [hpi:upload {execution: default-cli}]
[INFO] [INFO] [hpi:announce {execution: default-cli}]
[INFO] [INFO] ------------------------------------------------------------------------
[INFO] [INFO] BUILD SUCCESSFUL
[INFO] [INFO] ------------------------------------------------------------------------
[INFO] [INFO] Total time: 12 minutes 31 seconds
[INFO] [INFO] Finished at: Sun Jan 31 18:17:54 CET 2010
[INFO] [INFO] Final Memory: 55M/254M
[INFO] [INFO] ------------------------------------------------------------------------
[INFO] Cleaning up after release...
[INFO] ------------------------------------------------------------------------
[INFO] BUILD SUCCESSFUL
[INFO] ------------------------------------------------------------------------
[INFO] Total time: 19 minutes 46 seconds
[INFO] Finished at: Sun Jan 31 18:17:54 CET 2010
[INFO] Final Memory: 28M/254M
[INFO] ------------------------------------------------------------------------
D:\Eclipse\workspace\serenity>